2022-07-01 10:18:25,957 WARN com.zaxxer.hikari.pool.HikariPool [HikariPool-3 housekeeper] HikariPool-3 - Thread starvation or clock leap detected (housekeeper delta=13h52m55s868ms459µs800ns).
2022-07-01 11:28:07,719 INFO org.springframework.orm.jpa.LocalContainerEntityManagerFactoryBean [SpringApplicationShutdownHook] Closing JPA EntityManagerFactory for persistence unit 'default'
2022-07-01 11:28:07,729 INFO com.zaxxer.hikari.HikariDataSource [SpringApplicationShutdownHook] HikariPool-3 - Shutdown initiated...
2022-07-01 11:28:07,741 INFO com.zaxxer.hikari.HikariDataSource [SpringApplicationShutdownHook] HikariPool-3 - Shutdown completed.
2022-07-01 13:35:55,590 INFO pk.edu.iqra.oric.OricApplicationStarter [restartedMain] Starting OricApplicationStarter using Java 18.0.1 on LAPTOP-90SPLKL0 with PID 41440 (C:\Users\Lenovo\IdeaProjects\oric\target\classes started by Lenovo in C:\Users\Lenovo\IdeaProjects\oric)
2022-07-01 13:35:55,591 INFO pk.edu.iqra.oric.OricApplicationStarter [restartedMain] No active profile set, falling back to 1 default profile: "default"
2022-07-01 13:35:55,637 INFO org.springframework.boot.devtools.env.DevToolsPropertyDefaultsPostProcessor [restartedMain] Devtools property defaults active! Set 'spring.devtools.add-properties' to 'false' to disable
2022-07-01 13:35:55,637 INFO org.springframework.boot.devtools.env.DevToolsPropertyDefaultsPostProcessor [restartedMain] For additional web related logging consider setting the 'logging.level.web' property to 'DEBUG'
2022-07-01 13:35:56,576 INFO org.springframework.data.repository.config.RepositoryConfigurationDelegate [restartedMain] Bootstrapping Spring Data JPA repositories in DEFAULT mode.
2022-07-01 13:35:56,726 INFO org.springframework.data.repository.config.RepositoryConfigurationDelegate [restartedMain] Finished Spring Data repository scanning in 143 ms. Found 25 JPA repository interfaces.
2022-07-01 13:35:57,212 INFO org.springframework.boot.web.embedded.tomcat.TomcatWebServer [restartedMain] Tomcat initialized with port(s): 8080 (http)
2022-07-01 13:35:57,218 INFO org.apache.catalina.core.StandardService [restartedMain] Starting service [Tomcat]
2022-07-01 13:35:57,219 INFO org.apache.catalina.core.StandardEngine [restartedMain] Starting Servlet engine: [Apache Tomcat/9.0.63]
2022-07-01 13:35:57,290 INFO org.apache.catalina.core.ContainerBase.[Tomcat].[localhost].[/] [restartedMain] Initializing Spring embedded WebApplicationContext
2022-07-01 13:35:57,291 INFO org.springframework.boot.web.servlet.context.ServletWebServerApplicationContext [restartedMain] Root WebApplicationContext: initialization completed in 1653 ms
2022-07-01 13:35:57,495 INFO org.flywaydb.core.internal.license.VersionPrinter [restartedMain] Flyway Community Edition 8.5.11 by Redgate
2022-07-01 13:35:57,495 INFO org.flywaydb.core.internal.license.VersionPrinter [restartedMain] See what's new here: https://flywaydb.org/documentation/learnmore/releaseNotes#8.5.11
2022-07-01 13:35:57,495 INFO org.flywaydb.core.internal.license.VersionPrinter [restartedMain] 
2022-07-01 13:35:57,502 INFO com.zaxxer.hikari.HikariDataSource [restartedMain] HikariPool-1 - Starting...
2022-07-01 13:35:57,773 INFO com.zaxxer.hikari.HikariDataSource [restartedMain] HikariPool-1 - Start completed.
2022-07-01 13:35:57,797 INFO org.flywaydb.core.internal.database.base.BaseDatabaseType [restartedMain] Database: jdbc:mysql://localhost:3306/oric (MySQL 8.0)
2022-07-01 13:35:57,828 INFO org.flywaydb.core.internal.command.DbValidate [restartedMain] Successfully validated 1 migration (execution time 00:00.012s)
2022-07-01 13:35:57,837 INFO org.flywaydb.core.internal.command.DbMigrate [restartedMain] Current version of schema `oric`: 1
2022-07-01 13:35:57,838 INFO org.flywaydb.core.internal.command.DbMigrate [restartedMain] Schema `oric` is up to date. No migration necessary.
2022-07-01 13:35:57,923 INFO org.hibernate.jpa.internal.util.LogHelper [restartedMain] HHH000204: Processing PersistenceUnitInfo [name: default]
2022-07-01 13:35:57,966 INFO org.hibernate.Version [restartedMain] HHH000412: Hibernate ORM core version 5.6.9.Final
2022-07-01 13:35:58,097 INFO org.hibernate.annotations.common.Version [restartedMain] HCANN000001: Hibernate Commons Annotations {5.1.2.Final}
2022-07-01 13:35:58,176 INFO org.hibernate.dialect.Dialect [restartedMain] HHH000400: Using dialect: org.hibernate.dialect.MySQL5Dialect
2022-07-01 13:35:59,175 INFO org.hibernate.engine.transaction.jta.platform.internal.JtaPlatformInitiator [restartedMain] HHH000490: Using JtaPlatform implementation: [org.hibernate.engine.transaction.jta.platform.internal.NoJtaPlatform]
2022-07-01 13:35:59,182 INFO org.springframework.orm.jpa.LocalContainerEntityManagerFactoryBean [restartedMain] Initialized JPA EntityManagerFactory for persistence unit 'default'
2022-07-01 13:36:00,004 WARN org.springframework.boot.autoconfigure.orm.jpa.JpaBaseConfiguration$JpaWebConfiguration [restartedMain] spring.jpa.open-in-view is enabled by default. Therefore, database queries may be performed during view rendering. Explicitly configure spring.jpa.open-in-view to disable this warning
2022-07-01 13:36:00,183 INFO org.springframework.boot.actuate.endpoint.web.EndpointLinksResolver [restartedMain] Exposing 1 endpoint(s) beneath base path '/actuator'
2022-07-01 13:36:00,216 INFO org.springframework.security.web.DefaultSecurityFilterChain [restartedMain] Will secure any request with [org.springframework.security.web.session.DisableEncodeUrlFilter@17208807, org.springframework.security.web.context.request.async.WebAsyncManagerIntegrationFilter@4a85f4ce, org.springframework.security.web.context.SecurityContextPersistenceFilter@4b3243d3, org.springframework.security.web.header.HeaderWriterFilter@5fca502c, org.springframework.security.web.authentication.logout.LogoutFilter@2170780e, org.springframework.security.web.authentication.UsernamePasswordAuthenticationFilter@2d0948cd, org.springframework.security.web.savedrequest.RequestCacheAwareFilter@7765d3af, org.springframework.security.web.servletapi.SecurityContextHolderAwareRequestFilter@15d6a0c4, org.springframework.security.web.authentication.AnonymousAuthenticationFilter@6d6cf5c4, org.springframework.security.web.session.SessionManagementFilter@10ff3e20, org.springframework.security.web.access.ExceptionTranslationFilter@16625b40, org.springframework.security.web.access.intercept.AuthorizationFilter@41de3803]
2022-07-01 13:36:00,489 WARN org.springframework.boot.autoconfigure.thymeleaf.ThymeleafAutoConfiguration$DefaultTemplateResolverConfiguration [restartedMain] Cannot find template location: classpath:/templates/ (please add some templates or check your Thymeleaf configuration)
2022-07-01 13:36:00,544 INFO org.springframework.boot.devtools.autoconfigure.OptionalLiveReloadServer [restartedMain] LiveReload server is running on port 35729
2022-07-01 13:36:00,582 INFO org.springframework.boot.web.embedded.tomcat.TomcatWebServer [restartedMain] Tomcat started on port(s): 8080 (http) with context path ''
2022-07-01 13:36:00,597 INFO pk.edu.iqra.oric.OricApplicationStarter [restartedMain] Started OricApplicationStarter in 5.375 seconds (JVM running for 6.433)
2022-07-01 13:36:00,762 INFO org.apache.catalina.core.ContainerBase.[Tomcat].[localhost].[/] [RMI TCP Connection(1)-192.168.10.2] Initializing Spring DispatcherServlet 'dispatcherServlet'
2022-07-01 13:36:00,763 INFO org.springframework.web.servlet.DispatcherServlet [RMI TCP Connection(1)-192.168.10.2] Initializing Servlet 'dispatcherServlet'
2022-07-01 13:36:00,764 INFO org.springframework.web.servlet.DispatcherServlet [RMI TCP Connection(1)-192.168.10.2] Completed initialization in 1 ms
2022-07-01 13:40:54,690 INFO org.springframework.orm.jpa.LocalContainerEntityManagerFactoryBean [Thread-5] Closing JPA EntityManagerFactory for persistence unit 'default'
2022-07-01 13:40:54,693 INFO com.zaxxer.hikari.HikariDataSource [Thread-5] HikariPool-1 - Shutdown initiated...
2022-07-01 13:40:54,702 INFO com.zaxxer.hikari.HikariDataSource [Thread-5] HikariPool-1 - Shutdown completed.
2022-07-01 13:40:54,841 INFO pk.edu.iqra.oric.OricApplicationStarter [restartedMain] Starting OricApplicationStarter using Java 18.0.1 on LAPTOP-90SPLKL0 with PID 41440 (C:\Users\Lenovo\IdeaProjects\oric\target\classes started by Lenovo in C:\Users\Lenovo\IdeaProjects\oric)
2022-07-01 13:40:54,841 INFO pk.edu.iqra.oric.OricApplicationStarter [restartedMain] No active profile set, falling back to 1 default profile: "default"
2022-07-01 13:40:55,278 INFO org.springframework.data.repository.config.RepositoryConfigurationDelegate [restartedMain] Bootstrapping Spring Data JPA repositories in DEFAULT mode.
2022-07-01 13:40:55,384 INFO org.springframework.data.repository.config.RepositoryConfigurationDelegate [restartedMain] Finished Spring Data repository scanning in 105 ms. Found 25 JPA repository interfaces.
2022-07-01 13:40:55,515 INFO org.springframework.boot.web.embedded.tomcat.TomcatWebServer [restartedMain] Tomcat initialized with port(s): 8080 (http)
2022-07-01 13:40:55,516 INFO org.apache.catalina.core.StandardService [restartedMain] Starting service [Tomcat]
2022-07-01 13:40:55,516 INFO org.apache.catalina.core.StandardEngine [restartedMain] Starting Servlet engine: [Apache Tomcat/9.0.63]
2022-07-01 13:40:55,546 INFO org.apache.catalina.core.ContainerBase.[Tomcat].[localhost].[/] [restartedMain] Initializing Spring embedded WebApplicationContext
2022-07-01 13:40:55,546 INFO org.springframework.boot.web.servlet.context.ServletWebServerApplicationContext [restartedMain] Root WebApplicationContext: initialization completed in 702 ms
2022-07-01 13:40:55,651 INFO org.flywaydb.core.internal.license.VersionPrinter [restartedMain] Flyway Community Edition 8.5.11 by Redgate
2022-07-01 13:40:55,651 INFO org.flywaydb.core.internal.license.VersionPrinter [restartedMain] See what's new here: https://flywaydb.org/documentation/learnmore/releaseNotes#8.5.11
2022-07-01 13:40:55,651 INFO org.flywaydb.core.internal.license.VersionPrinter [restartedMain] 
2022-07-01 13:40:55,652 INFO com.zaxxer.hikari.HikariDataSource [restartedMain] HikariPool-2 - Starting...
2022-07-01 13:40:55,672 INFO com.zaxxer.hikari.HikariDataSource [restartedMain] HikariPool-2 - Start completed.
2022-07-01 13:40:55,673 INFO org.flywaydb.core.internal.database.base.BaseDatabaseType [restartedMain] Database: jdbc:mysql://localhost:3306/oric (MySQL 8.0)
2022-07-01 13:40:55,687 INFO org.flywaydb.core.internal.command.DbValidate [restartedMain] Successfully validated 1 migration (execution time 00:00.005s)
2022-07-01 13:40:55,695 INFO org.flywaydb.core.internal.command.DbMigrate [restartedMain] Current version of schema `oric`: 1
2022-07-01 13:40:55,696 INFO org.flywaydb.core.internal.command.DbMigrate [restartedMain] Schema `oric` is up to date. No migration necessary.
2022-07-01 13:40:55,734 INFO org.hibernate.jpa.internal.util.LogHelper [restartedMain] HHH000204: Processing PersistenceUnitInfo [name: default]
2022-07-01 13:40:55,745 INFO org.hibernate.dialect.Dialect [restartedMain] HHH000400: Using dialect: org.hibernate.dialect.MySQL5Dialect
2022-07-01 13:40:56,408 INFO org.hibernate.engine.transaction.jta.platform.internal.JtaPlatformInitiator [restartedMain] HHH000490: Using JtaPlatform implementation: [org.hibernate.engine.transaction.jta.platform.internal.NoJtaPlatform]
2022-07-01 13:40:56,408 INFO org.springframework.orm.jpa.LocalContainerEntityManagerFactoryBean [restartedMain] Initialized JPA EntityManagerFactory for persistence unit 'default'
2022-07-01 13:40:56,753 WARN org.springframework.boot.autoconfigure.orm.jpa.JpaBaseConfiguration$JpaWebConfiguration [restartedMain] spring.jpa.open-in-view is enabled by default. Therefore, database queries may be performed during view rendering. Explicitly configure spring.jpa.open-in-view to disable this warning
2022-07-01 13:40:56,819 INFO org.springframework.boot.actuate.endpoint.web.EndpointLinksResolver [restartedMain] Exposing 1 endpoint(s) beneath base path '/actuator'
2022-07-01 13:40:56,829 INFO org.springframework.security.web.DefaultSecurityFilterChain [restartedMain] Will secure any request with [org.springframework.security.web.session.DisableEncodeUrlFilter@2a2723ea, org.springframework.security.web.context.request.async.WebAsyncManagerIntegrationFilter@58c32dc3, org.springframework.security.web.context.SecurityContextPersistenceFilter@4e7c723, org.springframework.security.web.header.HeaderWriterFilter@742c5adc, org.springframework.security.web.authentication.logout.LogoutFilter@44c01eec, org.springframework.security.web.authentication.UsernamePasswordAuthenticationFilter@6ed467a2, org.springframework.security.web.savedrequest.RequestCacheAwareFilter@7301285c, org.springframework.security.web.servletapi.SecurityContextHolderAwareRequestFilter@65ed665a, org.springframework.security.web.authentication.AnonymousAuthenticationFilter@2f82eb63, org.springframework.security.web.session.SessionManagementFilter@852600b, org.springframework.security.web.access.ExceptionTranslationFilter@5b25969d, org.springframework.security.web.access.intercept.AuthorizationFilter@3028f3d3]
2022-07-01 13:40:56,923 WARN org.springframework.boot.autoconfigure.thymeleaf.ThymeleafAutoConfiguration$DefaultTemplateResolverConfiguration [restartedMain] Cannot find template location: classpath:/templates/ (please add some templates or check your Thymeleaf configuration)
2022-07-01 13:40:56,929 INFO org.springframework.boot.devtools.autoconfigure.OptionalLiveReloadServer [restartedMain] LiveReload server is running on port 35729
2022-07-01 13:40:56,943 INFO org.springframework.boot.web.embedded.tomcat.TomcatWebServer [restartedMain] Tomcat started on port(s): 8080 (http) with context path ''
2022-07-01 13:40:56,951 INFO pk.edu.iqra.oric.OricApplicationStarter [restartedMain] Started OricApplicationStarter in 2.159 seconds (JVM running for 302.787)
2022-07-01 13:40:56,953 INFO org.springframework.boot.devtools.autoconfigure.ConditionEvaluationDeltaLoggingListener [restartedMain] Condition evaluation unchanged
2022-07-01 13:40:58,441 INFO org.springframework.orm.jpa.LocalContainerEntityManagerFactoryBean [Thread-7] Closing JPA EntityManagerFactory for persistence unit 'default'
2022-07-01 13:40:58,442 INFO com.zaxxer.hikari.HikariDataSource [Thread-7] HikariPool-2 - Shutdown initiated...
2022-07-01 13:40:58,447 INFO com.zaxxer.hikari.HikariDataSource [Thread-7] HikariPool-2 - Shutdown completed.
2022-07-01 13:40:58,536 INFO pk.edu.iqra.oric.OricApplicationStarter [restartedMain] Starting OricApplicationStarter using Java 18.0.1 on LAPTOP-90SPLKL0 with PID 41440 (C:\Users\Lenovo\IdeaProjects\oric\target\classes started by Lenovo in C:\Users\Lenovo\IdeaProjects\oric)
2022-07-01 13:40:58,536 INFO pk.edu.iqra.oric.OricApplicationStarter [restartedMain] No active profile set, falling back to 1 default profile: "default"
2022-07-01 13:40:58,838 INFO org.springframework.data.repository.config.RepositoryConfigurationDelegate [restartedMain] Bootstrapping Spring Data JPA repositories in DEFAULT mode.
2022-07-01 13:40:58,915 INFO org.springframework.data.repository.config.RepositoryConfigurationDelegate [restartedMain] Finished Spring Data repository scanning in 76 ms. Found 25 JPA repository interfaces.
2022-07-01 13:40:58,995 INFO org.springframework.boot.web.embedded.tomcat.TomcatWebServer [restartedMain] Tomcat initialized with port(s): 8080 (http)
2022-07-01 13:40:58,995 INFO org.apache.catalina.core.StandardService [restartedMain] Starting service [Tomcat]
2022-07-01 13:40:58,995 INFO org.apache.catalina.core.StandardEngine [restartedMain] Starting Servlet engine: [Apache Tomcat/9.0.63]
2022-07-01 13:40:59,017 INFO org.apache.catalina.core.ContainerBase.[Tomcat].[localhost].[/] [restartedMain] Initializing Spring embedded WebApplicationContext
2022-07-01 13:40:59,018 INFO org.springframework.boot.web.servlet.context.ServletWebServerApplicationContext [restartedMain] Root WebApplicationContext: initialization completed in 480 ms
2022-07-01 13:40:59,069 INFO org.flywaydb.core.internal.license.VersionPrinter [restartedMain] Flyway Community Edition 8.5.11 by Redgate
2022-07-01 13:40:59,069 INFO org.flywaydb.core.internal.license.VersionPrinter [restartedMain] See what's new here: https://flywaydb.org/documentation/learnmore/releaseNotes#8.5.11
2022-07-01 13:40:59,069 INFO org.flywaydb.core.internal.license.VersionPrinter [restartedMain] 
2022-07-01 13:40:59,070 INFO com.zaxxer.hikari.HikariDataSource [restartedMain] HikariPool-3 - Starting...
2022-07-01 13:40:59,081 INFO com.zaxxer.hikari.HikariDataSource [restartedMain] HikariPool-3 - Start completed.
2022-07-01 13:40:59,082 INFO org.flywaydb.core.internal.database.base.BaseDatabaseType [restartedMain] Database: jdbc:mysql://localhost:3306/oric (MySQL 8.0)
2022-07-01 13:40:59,090 INFO org.flywaydb.core.internal.command.DbValidate [restartedMain] Successfully validated 1 migration (execution time 00:00.002s)
2022-07-01 13:40:59,094 INFO org.flywaydb.core.internal.command.DbMigrate [restartedMain] Current version of schema `oric`: 1
2022-07-01 13:40:59,094 INFO org.flywaydb.core.internal.command.DbMigrate [restartedMain] Schema `oric` is up to date. No migration necessary.
2022-07-01 13:40:59,116 INFO org.hibernate.jpa.internal.util.LogHelper [restartedMain] HHH000204: Processing PersistenceUnitInfo [name: default]
2022-07-01 13:40:59,123 INFO org.hibernate.dialect.Dialect [restartedMain] HHH000400: Using dialect: org.hibernate.dialect.MySQL5Dialect
2022-07-01 13:40:59,590 INFO org.hibernate.engine.transaction.jta.platform.internal.JtaPlatformInitiator [restartedMain] HHH000490: Using JtaPlatform implementation: [org.hibernate.engine.transaction.jta.platform.internal.NoJtaPlatform]
2022-07-01 13:40:59,590 INFO org.springframework.orm.jpa.LocalContainerEntityManagerFactoryBean [restartedMain] Initialized JPA EntityManagerFactory for persistence unit 'default'
2022-07-01 13:40:59,907 WARN org.springframework.boot.autoconfigure.orm.jpa.JpaBaseConfiguration$JpaWebConfiguration [restartedMain] spring.jpa.open-in-view is enabled by default. Therefore, database queries may be performed during view rendering. Explicitly configure spring.jpa.open-in-view to disable this warning
2022-07-01 13:40:59,959 INFO org.springframework.boot.actuate.endpoint.web.EndpointLinksResolver [restartedMain] Exposing 1 endpoint(s) beneath base path '/actuator'
2022-07-01 13:40:59,968 INFO org.springframework.security.web.DefaultSecurityFilterChain [restartedMain] Will secure any request with [org.springframework.security.web.session.DisableEncodeUrlFilter@760e26ed, org.springframework.security.web.context.request.async.WebAsyncManagerIntegrationFilter@67683ca8, org.springframework.security.web.context.SecurityContextPersistenceFilter@75e51903, org.springframework.security.web.header.HeaderWriterFilter@3161a809, org.springframework.security.web.authentication.logout.LogoutFilter@78b9a90a, org.springframework.security.web.authentication.UsernamePasswordAuthenticationFilter@43ca3667, org.springframework.security.web.savedrequest.RequestCacheAwareFilter@1e42ab89, org.springframework.security.web.servletapi.SecurityContextHolderAwareRequestFilter@225f69a8, org.springframework.security.web.authentication.AnonymousAuthenticationFilter@766a55b0, org.springframework.security.web.session.SessionManagementFilter@67bc15bf, org.springframework.security.web.access.ExceptionTranslationFilter@19ce4046, org.springframework.security.web.access.intercept.AuthorizationFilter@2a676e83]
2022-07-01 13:41:00,055 WARN org.springframework.boot.autoconfigure.thymeleaf.ThymeleafAutoConfiguration$DefaultTemplateResolverConfiguration [restartedMain] Cannot find template location: classpath:/templates/ (please add some templates or check your Thymeleaf configuration)
2022-07-01 13:41:00,060 INFO org.springframework.boot.devtools.autoconfigure.OptionalLiveReloadServer [restartedMain] LiveReload server is running on port 35729
2022-07-01 13:41:00,079 INFO org.springframework.boot.web.embedded.tomcat.TomcatWebServer [restartedMain] Tomcat started on port(s): 8080 (http) with context path ''
2022-07-01 13:41:00,087 INFO pk.edu.iqra.oric.OricApplicationStarter [restartedMain] Started OricApplicationStarter in 1.579 seconds (JVM running for 305.923)
2022-07-01 13:41:00,089 INFO org.springframework.boot.devtools.autoconfigure.ConditionEvaluationDeltaLoggingListener [restartedMain] Condition evaluation unchanged
2022-07-01 13:41:05,964 INFO org.apache.catalina.core.ContainerBase.[Tomcat].[localhost].[/] [http-nio-8080-exec-1] Initializing Spring DispatcherServlet 'dispatcherServlet'
2022-07-01 13:41:05,964 INFO org.springframework.web.servlet.DispatcherServlet [http-nio-8080-exec-1] Initializing Servlet 'dispatcherServlet'
2022-07-01 13:41:05,965 INFO org.springframework.web.servlet.DispatcherServlet [http-nio-8080-exec-1] Completed initialization in 1 ms
2022-07-01 13:45:09,477 ERROR org.apache.catalina.core.ContainerBase.[Tomcat].[localhost].[/].[dispatcherServlet] [http-nio-8080-exec-5] Servlet.service() for servlet [dispatcherServlet] in context with path [] threw exception [Request processing failed; nested exception is org.springframework.dao.DataIntegrityViolationException: not-null property references a null or transient value : pk.edu.iqra.oric.domain.Announcement.announcementType; nested exception is org.hibernate.PropertyValueException: not-null property references a null or transient value : pk.edu.iqra.oric.domain.Announcement.announcementType] with root cause
org.hibernate.PropertyValueException: not-null property references a null or transient value : pk.edu.iqra.oric.domain.Announcement.announcementType
	at org.hibernate.engine.internal.Nullability.checkNullability(Nullability.java:111)
	at org.hibernate.engine.internal.Nullability.checkNullability(Nullability.java:55)
	at org.hibernate.action.internal.AbstractEntityInsertAction.nullifyTransientReferencesIfNotAlready(AbstractEntityInsertAction.java:116)
	at org.hibernate.action.internal.EntityIdentityInsertAction.execute(EntityIdentityInsertAction.java:72)
	at org.hibernate.engine.spi.ActionQueue.execute(ActionQueue.java:645)
	at org.hibernate.engine.spi.ActionQueue.addResolvedEntityInsertAction(ActionQueue.java:282)
	at org.hibernate.engine.spi.ActionQueue.addInsertAction(ActionQueue.java:263)
	at org.hibernate.engine.spi.ActionQueue.addAction(ActionQueue.java:317)
	at org.hibernate.event.internal.AbstractSaveEventListener.addInsertAction(AbstractSaveEventListener.java:330)
	at org.hibernate.event.internal.AbstractSaveEventListener.performSaveOrReplicate(AbstractSaveEventListener.java:287)
	at org.hibernate.event.internal.AbstractSaveEventListener.performSave(AbstractSaveEventListener.java:193)
	at org.hibernate.event.internal.AbstractSaveEventListener.saveWithGeneratedId(AbstractSaveEventListener.java:123)
	at org.hibernate.event.internal.DefaultMergeEventListener.saveTransientEntity(DefaultMergeEventListener.java:271)
	at org.hibernate.event.internal.DefaultMergeEventListener.entityIsTransient(DefaultMergeEventListener.java:243)
	at org.hibernate.event.internal.DefaultMergeEventListener.entityIsDetached(DefaultMergeEventListener.java:318)
	at org.hibernate.event.internal.DefaultMergeEventListener.onMerge(DefaultMergeEventListener.java:172)
	at org.hibernate.event.internal.DefaultMergeEventListener.onMerge(DefaultMergeEventListener.java:70)
	at org.hibernate.event.service.internal.EventListenerGroupImpl.fireEventOnEachListener(EventListenerGroupImpl.java:107)
	at org.hibernate.internal.SessionImpl.fireMerge(SessionImpl.java:829)
	at org.hibernate.internal.SessionImpl.merge(SessionImpl.java:816)
	at java.base/jdk.internal.reflect.DirectMethodHandleAccessor.invoke(DirectMethodHandleAccessor.java:104)
	at java.base/java.lang.reflect.Method.invoke(Method.java:577)
	at org.springframework.orm.jpa.ExtendedEntityManagerCreator$ExtendedEntityManagerInvocationHandler.invoke(ExtendedEntityManagerCreator.java:362)
	at jdk.proxy6/jdk.proxy6.$Proxy217.merge(Unknown Source)
	at java.base/jdk.internal.reflect.DirectMethodHandleAccessor.invoke(DirectMethodHandleAccessor.java:104)
	at java.base/java.lang.reflect.Method.invoke(Method.java:577)
	at org.springframework.orm.jpa.SharedEntityManagerCreator$SharedEntityManagerInvocationHandler.invoke(SharedEntityManagerCreator.java:311)
	at jdk.proxy6/jdk.proxy6.$Proxy217.merge(Unknown Source)
	at org.springframework.data.jpa.repository.support.SimpleJpaRepository.save(SimpleJpaRepository.java:669)
	at java.base/jdk.internal.reflect.DirectMethodHandleAccessor.invoke(DirectMethodHandleAccessor.java:104)
	at java.base/java.lang.reflect.Method.invoke(Method.java:577)
	at org.springframework.data.repository.core.support.RepositoryMethodInvoker$RepositoryFragmentMethodInvoker.lambda$new$0(RepositoryMethodInvoker.java:289)
	at org.springframework.data.repository.core.support.RepositoryMethodInvoker.doInvoke(RepositoryMethodInvoker.java:137)
	at org.springframework.data.repository.core.support.RepositoryMethodInvoker.invoke(RepositoryMethodInvoker.java:121)
	at org.springframework.data.repository.core.support.RepositoryComposition$RepositoryFragments.invoke(RepositoryComposition.java:529)
	at org.springframework.data.repository.core.support.RepositoryComposition.invoke(RepositoryComposition.java:285)
	at org.springframework.data.repository.core.support.RepositoryFactorySupport$ImplementationMethodExecutionInterceptor.invoke(RepositoryFactorySupport.java:639)
	at org.springframework.aop.framework.ReflectiveMethodInvocation.proceed(ReflectiveMethodInvocation.java:186)
	at org.springframework.data.repository.core.support.QueryExecutorMethodInterceptor.doInvoke(QueryExecutorMethodInterceptor.java:163)
	at org.springframework.data.repository.core.support.QueryExecutorMethodInterceptor.invoke(QueryExecutorMethodInterceptor.java:138)
	at org.springframework.aop.framework.ReflectiveMethodInvocation.proceed(ReflectiveMethodInvocation.java:186)
	at org.springframework.transaction.interceptor.TransactionInterceptor$1.proceedWithInvocation(TransactionInterceptor.java:123)
	at org.springframework.transaction.interceptor.TransactionAspectSupport.invokeWithinTransaction(TransactionAspectSupport.java:388)
	at org.springframework.transaction.interceptor.TransactionInterceptor.invoke(TransactionInterceptor.java:119)
	at org.springframework.aop.framework.ReflectiveMethodInvocation.proceed(ReflectiveMethodInvocation.java:186)
	at org.springframework.dao.support.PersistenceExceptionTranslationInterceptor.invoke(PersistenceExceptionTranslationInterceptor.java:137)
	at org.springframework.aop.framework.ReflectiveMethodInvocation.proceed(ReflectiveMethodInvocation.java:186)
	at org.springframework.data.jpa.repository.support.CrudMethodMetadataPostProcessor$CrudMethodMetadataPopulatingMethodInterceptor.invoke(CrudMethodMetadataPostProcessor.java:174)
	at org.springframework.aop.framework.ReflectiveMethodInvocation.proceed(ReflectiveMethodInvocation.java:186)
	at org.springframework.aop.interceptor.ExposeInvocationInterceptor.invoke(ExposeInvocationInterceptor.java:97)
	at org.springframework.aop.framework.ReflectiveMethodInvocation.proceed(ReflectiveMethodInvocation.java:186)
	at org.springframework.aop.framework.JdkDynamicAopProxy.invoke(JdkDynamicAopProxy.java:215)
	at jdk.proxy6/jdk.proxy6.$Proxy236.save(Unknown Source)
	at pk.edu.iqra.oric.service.impl.AnnouncementServiceImpl.saveResource(AnnouncementServiceImpl.java:83)
	at pk.edu.iqra.oric.controller.OricAdminController.saveResource(OricAdminController.java:157)
	at java.base/jdk.internal.reflect.DirectMethodHandleAccessor.invoke(DirectMethodHandleAccessor.java:104)
	at java.base/java.lang.reflect.Method.invoke(Method.java:577)
	at org.springframework.web.method.support.InvocableHandlerMethod.doInvoke(InvocableHandlerMethod.java:205)
	at org.springframework.web.method.support.InvocableHandlerMethod.invokeForRequest(InvocableHandlerMethod.java:150)
	at org.springframework.web.servlet.mvc.method.annotation.ServletInvocableHandlerMethod.invokeAndHandle(ServletInvocableHandlerMethod.java:117)
	at org.springframework.web.servlet.mvc.method.annotation.RequestMappingHandlerAdapter.invokeHandlerMethod(RequestMappingHandlerAdapter.java:895)
	at org.springframework.web.servlet.mvc.method.annotation.RequestMappingHandlerAdapter.handleInternal(RequestMappingHandlerAdapter.java:808)
	at org.springframework.web.servlet.mvc.method.AbstractHandlerMethodAdapter.handle(AbstractHandlerMethodAdapter.java:87)
	at org.springframework.web.servlet.DispatcherServlet.doDispatch(DispatcherServlet.java:1067)
	at org.springframework.web.servlet.DispatcherServlet.doService(DispatcherServlet.java:963)
	at org.springframework.web.servlet.FrameworkServlet.processRequest(FrameworkServlet.java:1006)
	at org.springframework.web.servlet.FrameworkServlet.doPost(FrameworkServlet.java:909)
	at javax.servlet.http.HttpServlet.service(HttpServlet.java:681)
	at org.springframework.web.servlet.FrameworkServlet.service(FrameworkServlet.java:883)
	at javax.servlet.http.HttpServlet.service(HttpServlet.java:764)
	at org.apache.catalina.core.ApplicationFilterChain.internalDoFilter(ApplicationFilterChain.java:227)
	at org.apache.catalina.core.ApplicationFilterChain.doFilter(ApplicationFilterChain.java:162)
	at org.apache.tomcat.websocket.server.WsFilter.doFilter(WsFilter.java:53)
	at org.apache.catalina.core.ApplicationFilterChain.internalDoFilter(ApplicationFilterChain.java:189)
	at org.apache.catalina.core.ApplicationFilterChain.doFilter(ApplicationFilterChain.java:162)
	at org.springframework.security.web.FilterChainProxy$VirtualFilterChain.doFilter(FilterChainProxy.java:327)
	at org.springframework.security.web.access.intercept.AuthorizationFilter.doFilterInternal(AuthorizationFilter.java:73)
	at org.springframework.web.filter.OncePerRequestFilter.doFilter(OncePerRequestFilter.java:117)
	at org.springframework.security.web.FilterChainProxy$VirtualFilterChain.doFilter(FilterChainProxy.java:336)
	at org.springframework.security.web.access.ExceptionTranslationFilter.doFilter(ExceptionTranslationFilter.java:122)
	at org.springframework.security.web.access.ExceptionTranslationFilter.doFilter(ExceptionTranslationFilter.java:116)
	at org.springframework.security.web.FilterChainProxy$VirtualFilterChain.doFilter(FilterChainProxy.java:336)
	at org.springframework.security.web.session.SessionManagementFilter.doFilter(SessionManagementFilter.java:126)
	at org.springframework.security.web.session.SessionManagementFilter.doFilter(SessionManagementFilter.java:81)
	at org.springframework.security.web.FilterChainProxy$VirtualFilterChain.doFilter(FilterChainProxy.java:336)
	at org.springframework.security.web.authentication.AnonymousAuthenticationFilter.doFilter(AnonymousAuthenticationFilter.java:109)
	at org.springframework.security.web.FilterChainProxy$VirtualFilterChain.doFilter(FilterChainProxy.java:336)
	at org.springframework.security.web.servletapi.SecurityContextHolderAwareRequestFilter.doFilter(SecurityContextHolderAwareRequestFilter.java:149)
	at org.springframework.security.web.FilterChainProxy$VirtualFilterChain.doFilter(FilterChainProxy.java:336)
	at org.springframework.security.web.savedrequest.RequestCacheAwareFilter.doFilter(RequestCacheAwareFilter.java:63)
	at org.springframework.security.web.FilterChainProxy$VirtualFilterChain.doFilter(FilterChainProxy.java:336)
	at org.springframework.security.web.authentication.AbstractAuthenticationProcessingFilter.doFilter(AbstractAuthenticationProcessingFilter.java:223)
	at org.springframework.security.web.authentication.AbstractAuthenticationProcessingFilter.doFilter(AbstractAuthenticationProcessingFilter.java:217)
	at org.springframework.security.web.FilterChainProxy$VirtualFilterChain.doFilter(FilterChainProxy.java:336)
	at org.springframework.security.web.authentication.logout.LogoutFilter.doFilter(LogoutFilter.java:103)
	at org.springframework.security.web.authentication.logout.LogoutFilter.doFilter(LogoutFilter.java:89)
	at org.springframework.security.web.FilterChainProxy$VirtualFilterChain.doFilter(FilterChainProxy.java:336)
	at org.springframework.security.web.header.HeaderWriterFilter.doHeadersAfter(HeaderWriterFilter.java:90)
	at org.springframework.security.web.header.HeaderWriterFilter.doFilterInternal(HeaderWriterFilter.java:75)
	at org.springframework.web.filter.OncePerRequestFilter.doFilter(OncePerRequestFilter.java:117)
	at org.springframework.security.web.FilterChainProxy$VirtualFilterChain.doFilter(FilterChainProxy.java:336)
	at org.springframework.security.web.context.SecurityContextPersistenceFilter.doFilter(SecurityContextPersistenceFilter.java:112)
	at org.springframework.security.web.context.SecurityContextPersistenceFilter.doFilter(SecurityContextPersistenceFilter.java:82)
	at org.springframework.security.web.FilterChainProxy$VirtualFilterChain.doFilter(FilterChainProxy.java:336)
	at org.springframework.security.web.context.request.async.WebAsyncManagerIntegrationFilter.doFilterInternal(WebAsyncManagerIntegrationFilter.java:55)
	at org.springframework.web.filter.OncePerRequestFilter.doFilter(OncePerRequestFilter.java:117)
	at org.springframework.security.web.FilterChainProxy$VirtualFilterChain.doFilter(FilterChainProxy.java:336)
	at org.springframework.security.web.session.DisableEncodeUrlFilter.doFilterInternal(DisableEncodeUrlFilter.java:42)
	at org.springframework.web.filter.OncePerRequestFilter.doFilter(OncePerRequestFilter.java:117)
	at org.springframework.security.web.FilterChainProxy$VirtualFilterChain.doFilter(FilterChainProxy.java:336)
	at org.springframework.security.web.FilterChainProxy.doFilterInternal(FilterChainProxy.java:211)
	at org.springframework.security.web.FilterChainProxy.doFilter(FilterChainProxy.java:183)
	at org.springframework.web.filter.DelegatingFilterProxy.invokeDelegate(DelegatingFilterProxy.java:354)
	at org.springframework.web.filter.DelegatingFilterProxy.doFilter(DelegatingFilterProxy.java:267)
	at org.apache.catalina.core.ApplicationFilterChain.internalDoFilter(ApplicationFilterChain.java:189)
	at org.apache.catalina.core.ApplicationFilterChain.doFilter(ApplicationFilterChain.java:162)
	at org.springframework.boot.actuate.metrics.web.servlet.WebMvcMetricsFilter.doFilterInternal(WebMvcMetricsFilter.java:96)
	at org.springframework.web.filter.OncePerRequestFilter.doFilter(OncePerRequestFilter.java:117)
	at org.apache.catalina.core.ApplicationFilterChain.internalDoFilter(ApplicationFilterChain.java:189)
	at org.apache.catalina.core.ApplicationFilterChain.doFilter(ApplicationFilterChain.java:162)
	at org.springframework.web.filter.CharacterEncodingFilter.doFilterInternal(CharacterEncodingFilter.java:201)
	at org.springframework.web.filter.OncePerRequestFilter.doFilter(OncePerRequestFilter.java:117)
	at org.apache.catalina.core.ApplicationFilterChain.internalDoFilter(ApplicationFilterChain.java:189)
	at org.apache.catalina.core.ApplicationFilterChain.doFilter(ApplicationFilterChain.java:162)
	at org.apache.catalina.core.StandardWrapperValve.invoke(StandardWrapperValve.java:197)
	at org.apache.catalina.core.StandardContextValve.invoke(StandardContextValve.java:97)
	at org.apache.catalina.authenticator.AuthenticatorBase.invoke(AuthenticatorBase.java:541)
	at org.apache.catalina.core.StandardHostValve.invoke(StandardHostValve.java:135)
	at org.apache.catalina.valves.ErrorReportValve.invoke(ErrorReportValve.java:92)
	at org.apache.catalina.core.StandardEngineValve.invoke(StandardEngineValve.java:78)
	at org.apache.catalina.connector.CoyoteAdapter.service(CoyoteAdapter.java:360)
	at org.apache.coyote.http11.Http11Processor.service(Http11Processor.java:399)
	at org.apache.coyote.AbstractProcessorLight.process(AbstractProcessorLight.java:65)
	at org.apache.coyote.AbstractProtocol$ConnectionHandler.process(AbstractProtocol.java:890)
	at org.apache.tomcat.util.net.NioEndpoint$SocketProcessor.doRun(NioEndpoint.java:1743)
	at org.apache.tomcat.util.net.SocketProcessorBase.run(SocketProcessorBase.java:49)
	at org.apache.tomcat.util.threads.ThreadPoolExecutor.runWorker(ThreadPoolExecutor.java:1191)
	at org.apache.tomcat.util.threads.ThreadPoolExecutor$Worker.run(ThreadPoolExecutor.java:659)
	at org.apache.tomcat.util.threads.TaskThread$WrappingRunnable.run(TaskThread.java:61)
	at java.base/java.lang.Thread.run(Thread.java:833)
2022-07-01 13:46:50,112 INFO org.springframework.orm.jpa.LocalContainerEntityManagerFactoryBean [Thread-11] Closing JPA EntityManagerFactory for persistence unit 'default'
2022-07-01 13:46:50,113 INFO com.zaxxer.hikari.HikariDataSource [Thread-11] HikariPool-3 - Shutdown initiated...
2022-07-01 13:46:50,122 INFO com.zaxxer.hikari.HikariDataSource [Thread-11] HikariPool-3 - Shutdown completed.
2022-07-01 13:46:50,276 INFO pk.edu.iqra.oric.OricApplicationStarter [restartedMain] Starting OricApplicationStarter using Java 18.0.1 on LAPTOP-90SPLKL0 with PID 41440 (C:\Users\Lenovo\IdeaProjects\oric\target\classes started by Lenovo in C:\Users\Lenovo\IdeaProjects\oric)
2022-07-01 13:46:50,276 INFO pk.edu.iqra.oric.OricApplicationStarter [restartedMain] No active profile set, falling back to 1 default profile: "default"
2022-07-01 13:46:50,699 INFO org.springframework.data.repository.config.RepositoryConfigurationDelegate [restartedMain] Bootstrapping Spring Data JPA repositories in DEFAULT mode.
2022-07-01 13:46:50,822 INFO org.springframework.data.repository.config.RepositoryConfigurationDelegate [restartedMain] Finished Spring Data repository scanning in 122 ms. Found 25 JPA repository interfaces.
2022-07-01 13:46:50,995 INFO org.springframework.boot.web.embedded.tomcat.TomcatWebServer [restartedMain] Tomcat initialized with port(s): 8080 (http)
2022-07-01 13:46:50,995 INFO org.apache.catalina.core.StandardService [restartedMain] Starting service [Tomcat]
2022-07-01 13:46:50,996 INFO org.apache.catalina.core.StandardEngine [restartedMain] Starting Servlet engine: [Apache Tomcat/9.0.63]
2022-07-01 13:46:51,027 INFO org.apache.catalina.core.ContainerBase.[Tomcat].[localhost].[/] [restartedMain] Initializing Spring embedded WebApplicationContext
2022-07-01 13:46:51,027 INFO org.springframework.boot.web.servlet.context.ServletWebServerApplicationContext [restartedMain] Root WebApplicationContext: initialization completed in 747 ms
2022-07-01 13:46:51,109 INFO org.flywaydb.core.internal.license.VersionPrinter [restartedMain] Flyway Community Edition 8.5.11 by Redgate
2022-07-01 13:46:51,110 INFO org.flywaydb.core.internal.license.VersionPrinter [restartedMain] See what's new here: https://flywaydb.org/documentation/learnmore/releaseNotes#8.5.11
2022-07-01 13:46:51,110 INFO org.flywaydb.core.internal.license.VersionPrinter [restartedMain] 
2022-07-01 13:46:51,111 INFO com.zaxxer.hikari.HikariDataSource [restartedMain] HikariPool-4 - Starting...
2022-07-01 13:46:51,129 INFO com.zaxxer.hikari.HikariDataSource [restartedMain] HikariPool-4 - Start completed.
2022-07-01 13:46:51,129 INFO org.flywaydb.core.internal.database.base.BaseDatabaseType [restartedMain] Database: jdbc:mysql://localhost:3306/oric (MySQL 8.0)
2022-07-01 13:46:51,139 INFO org.flywaydb.core.internal.command.DbValidate [restartedMain] Successfully validated 1 migration (execution time 00:00.003s)
2022-07-01 13:46:51,146 INFO org.flywaydb.core.internal.command.DbMigrate [restartedMain] Current version of schema `oric`: 1
2022-07-01 13:46:51,147 INFO org.flywaydb.core.internal.command.DbMigrate [restartedMain] Schema `oric` is up to date. No migration necessary.
2022-07-01 13:46:51,192 INFO org.hibernate.jpa.internal.util.LogHelper [restartedMain] HHH000204: Processing PersistenceUnitInfo [name: default]
2022-07-01 13:46:51,203 INFO org.hibernate.dialect.Dialect [restartedMain] HHH000400: Using dialect: org.hibernate.dialect.MySQL5Dialect
2022-07-01 13:46:51,882 INFO org.hibernate.engine.transaction.jta.platform.internal.JtaPlatformInitiator [restartedMain] HHH000490: Using JtaPlatform implementation: [org.hibernate.engine.transaction.jta.platform.internal.NoJtaPlatform]
2022-07-01 13:46:51,882 INFO org.springframework.orm.jpa.LocalContainerEntityManagerFactoryBean [restartedMain] Initialized JPA EntityManagerFactory for persistence unit 'default'
2022-07-01 13:46:52,259 WARN org.springframework.boot.autoconfigure.orm.jpa.JpaBaseConfiguration$JpaWebConfiguration [restartedMain] spring.jpa.open-in-view is enabled by default. Therefore, database queries may be performed during view rendering. Explicitly configure spring.jpa.open-in-view to disable this warning
2022-07-01 13:46:52,338 INFO org.springframework.boot.actuate.endpoint.web.EndpointLinksResolver [restartedMain] Exposing 1 endpoint(s) beneath base path '/actuator'
2022-07-01 13:46:52,350 INFO org.springframework.security.web.DefaultSecurityFilterChain [restartedMain] Will secure any request with [org.springframework.security.web.session.DisableEncodeUrlFilter@322692a4, org.springframework.security.web.context.request.async.WebAsyncManagerIntegrationFilter@6929d661, org.springframework.security.web.context.SecurityContextPersistenceFilter@df3855d, org.springframework.security.web.header.HeaderWriterFilter@2a8b2758, org.springframework.security.web.authentication.logout.LogoutFilter@78e5609, org.springframework.security.web.authentication.UsernamePasswordAuthenticationFilter@47edba4e, org.springframework.security.web.savedrequest.RequestCacheAwareFilter@158d8bd4, org.springframework.security.web.servletapi.SecurityContextHolderAwareRequestFilter@664fdfda, org.springframework.security.web.authentication.AnonymousAuthenticationFilter@67d201fd, org.springframework.security.web.session.SessionManagementFilter@30281a38, org.springframework.security.web.access.ExceptionTranslationFilter@5ca889ce, org.springframework.security.web.access.intercept.AuthorizationFilter@668d1f16]
2022-07-01 13:46:52,490 WARN org.springframework.boot.autoconfigure.thymeleaf.ThymeleafAutoConfiguration$DefaultTemplateResolverConfiguration [restartedMain] Cannot find template location: classpath:/templates/ (please add some templates or check your Thymeleaf configuration)
2022-07-01 13:46:52,498 INFO org.springframework.boot.devtools.autoconfigure.OptionalLiveReloadServer [restartedMain] LiveReload server is running on port 35729
2022-07-01 13:46:52,516 INFO org.springframework.boot.web.embedded.tomcat.TomcatWebServer [restartedMain] Tomcat started on port(s): 8080 (http) with context path ''
2022-07-01 13:46:52,525 INFO pk.edu.iqra.oric.OricApplicationStarter [restartedMain] Started OricApplicationStarter in 2.298 seconds (JVM running for 658.361)
2022-07-01 13:46:52,527 INFO org.springframework.boot.devtools.autoconfigure.ConditionEvaluationDeltaLoggingListener [restartedMain] Condition evaluation unchanged
2022-07-01 13:46:54,022 INFO org.springframework.orm.jpa.LocalContainerEntityManagerFactoryBean [Thread-15] Closing JPA EntityManagerFactory for persistence unit 'default'
2022-07-01 13:46:54,023 INFO com.zaxxer.hikari.HikariDataSource [Thread-15] HikariPool-4 - Shutdown initiated...
2022-07-01 13:46:54,028 INFO com.zaxxer.hikari.HikariDataSource [Thread-15] HikariPool-4 - Shutdown completed.
2022-07-01 13:46:54,109 INFO pk.edu.iqra.oric.OricApplicationStarter [restartedMain] Starting OricApplicationStarter using Java 18.0.1 on LAPTOP-90SPLKL0 with PID 41440 (C:\Users\Lenovo\IdeaProjects\oric\target\classes started by Lenovo in C:\Users\Lenovo\IdeaProjects\oric)
2022-07-01 13:46:54,109 INFO pk.edu.iqra.oric.OricApplicationStarter [restartedMain] No active profile set, falling back to 1 default profile: "default"
2022-07-01 13:46:54,432 INFO org.springframework.data.repository.config.RepositoryConfigurationDelegate [restartedMain] Bootstrapping Spring Data JPA repositories in DEFAULT mode.
2022-07-01 13:46:54,521 INFO org.springframework.data.repository.config.RepositoryConfigurationDelegate [restartedMain] Finished Spring Data repository scanning in 88 ms. Found 25 JPA repository interfaces.
2022-07-01 13:46:54,605 INFO org.springframework.boot.web.embedded.tomcat.TomcatWebServer [restartedMain] Tomcat initialized with port(s): 8080 (http)
2022-07-01 13:46:54,605 INFO org.apache.catalina.core.StandardService [restartedMain] Starting service [Tomcat]
2022-07-01 13:46:54,605 INFO org.apache.catalina.core.StandardEngine [restartedMain] Starting Servlet engine: [Apache Tomcat/9.0.63]
2022-07-01 13:46:54,626 INFO org.apache.catalina.core.ContainerBase.[Tomcat].[localhost].[/] [restartedMain] Initializing Spring embedded WebApplicationContext
2022-07-01 13:46:54,626 INFO org.springframework.boot.web.servlet.context.ServletWebServerApplicationContext [restartedMain] Root WebApplicationContext: initialization completed in 515 ms
2022-07-01 13:46:54,683 INFO org.flywaydb.core.internal.license.VersionPrinter [restartedMain] Flyway Community Edition 8.5.11 by Redgate
2022-07-01 13:46:54,683 INFO org.flywaydb.core.internal.license.VersionPrinter [restartedMain] See what's new here: https://flywaydb.org/documentation/learnmore/releaseNotes#8.5.11
2022-07-01 13:46:54,683 INFO org.flywaydb.core.internal.license.VersionPrinter [restartedMain] 
2022-07-01 13:46:54,684 INFO com.zaxxer.hikari.HikariDataSource [restartedMain] HikariPool-5 - Starting...
2022-07-01 13:46:54,695 INFO com.zaxxer.hikari.HikariDataSource [restartedMain] HikariPool-5 - Start completed.
2022-07-01 13:46:54,696 INFO org.flywaydb.core.internal.database.base.BaseDatabaseType [restartedMain] Database: jdbc:mysql://localhost:3306/oric (MySQL 8.0)
2022-07-01 13:46:54,704 INFO org.flywaydb.core.internal.command.DbValidate [restartedMain] Successfully validated 1 migration (execution time 00:00.003s)
2022-07-01 13:46:54,709 INFO org.flywaydb.core.internal.command.DbMigrate [restartedMain] Current version of schema `oric`: 1
2022-07-01 13:46:54,709 INFO org.flywaydb.core.internal.command.DbMigrate [restartedMain] Schema `oric` is up to date. No migration necessary.
2022-07-01 13:46:54,735 INFO org.hibernate.jpa.internal.util.LogHelper [restartedMain] HHH000204: Processing PersistenceUnitInfo [name: default]
2022-07-01 13:46:54,746 INFO org.hibernate.dialect.Dialect [restartedMain] HHH000400: Using dialect: org.hibernate.dialect.MySQL5Dialect
2022-07-01 13:46:55,287 INFO org.hibernate.engine.transaction.jta.platform.internal.JtaPlatformInitiator [restartedMain] HHH000490: Using JtaPlatform implementation: [org.hibernate.engine.transaction.jta.platform.internal.NoJtaPlatform]
2022-07-01 13:46:55,287 INFO org.springframework.orm.jpa.LocalContainerEntityManagerFactoryBean [restartedMain] Initialized JPA EntityManagerFactory for persistence unit 'default'
2022-07-01 13:46:55,623 WARN org.springframework.boot.autoconfigure.orm.jpa.JpaBaseConfiguration$JpaWebConfiguration [restartedMain] spring.jpa.open-in-view is enabled by default. Therefore, database queries may be performed during view rendering. Explicitly configure spring.jpa.open-in-view to disable this warning
2022-07-01 13:46:55,682 INFO org.springframework.boot.actuate.endpoint.web.EndpointLinksResolver [restartedMain] Exposing 1 endpoint(s) beneath base path '/actuator'
2022-07-01 13:46:55,691 INFO org.springframework.security.web.DefaultSecurityFilterChain [restartedMain] Will secure any request with [org.springframework.security.web.session.DisableEncodeUrlFilter@13104ff, org.springframework.security.web.context.request.async.WebAsyncManagerIntegrationFilter@ccc3955, org.springframework.security.web.context.SecurityContextPersistenceFilter@31060444, org.springframework.security.web.header.HeaderWriterFilter@74318305, org.springframework.security.web.authentication.logout.LogoutFilter@5c84d9d4, org.springframework.security.web.authentication.UsernamePasswordAuthenticationFilter@7b813822, org.springframework.security.web.savedrequest.RequestCacheAwareFilter@576e127f, org.springframework.security.web.servletapi.SecurityContextHolderAwareRequestFilter@2fbf8a3c, org.springframework.security.web.authentication.AnonymousAuthenticationFilter@3e6a928e, org.springframework.security.web.session.SessionManagementFilter@4d67f16a, org.springframework.security.web.access.ExceptionTranslationFilter@333ab685, org.springframework.security.web.access.intercept.AuthorizationFilter@28e35efc]
2022-07-01 13:46:55,778 WARN org.springframework.boot.autoconfigure.thymeleaf.ThymeleafAutoConfiguration$DefaultTemplateResolverConfiguration [restartedMain] Cannot find template location: classpath:/templates/ (please add some templates or check your Thymeleaf configuration)
2022-07-01 13:46:55,784 INFO org.springframework.boot.devtools.autoconfigure.OptionalLiveReloadServer [restartedMain] LiveReload server is running on port 35729
2022-07-01 13:46:55,800 INFO org.springframework.boot.web.embedded.tomcat.TomcatWebServer [restartedMain] Tomcat started on port(s): 8080 (http) with context path ''
2022-07-01 13:46:55,811 INFO pk.edu.iqra.oric.OricApplicationStarter [restartedMain] Started OricApplicationStarter in 1.733 seconds (JVM running for 661.647)
2022-07-01 13:46:55,813 INFO org.springframework.boot.devtools.autoconfigure.ConditionEvaluationDeltaLoggingListener [restartedMain] Condition evaluation unchanged
2022-07-01 13:47:02,572 INFO org.apache.catalina.core.ContainerBase.[Tomcat].[localhost].[/] [http-nio-8080-exec-1] Initializing Spring DispatcherServlet 'dispatcherServlet'
2022-07-01 13:47:02,572 INFO org.springframework.web.servlet.DispatcherServlet [http-nio-8080-exec-1] Initializing Servlet 'dispatcherServlet'
2022-07-01 13:47:02,573 INFO org.springframework.web.servlet.DispatcherServlet [http-nio-8080-exec-1] Completed initialization in 1 ms
2022-07-01 13:47:49,064 INFO org.springframework.orm.jpa.LocalContainerEntityManagerFactoryBean [Thread-19] Closing JPA EntityManagerFactory for persistence unit 'default'
2022-07-01 13:47:49,065 INFO com.zaxxer.hikari.HikariDataSource [Thread-19] HikariPool-5 - Shutdown initiated...
2022-07-01 13:47:49,075 INFO com.zaxxer.hikari.HikariDataSource [Thread-19] HikariPool-5 - Shutdown completed.
2022-07-01 13:47:49,269 INFO pk.edu.iqra.oric.OricApplicationStarter [restartedMain] Starting OricApplicationStarter using Java 18.0.1 on LAPTOP-90SPLKL0 with PID 41440 (C:\Users\Lenovo\IdeaProjects\oric\target\classes started by Lenovo in C:\Users\Lenovo\IdeaProjects\oric)
2022-07-01 13:47:49,269 INFO pk.edu.iqra.oric.OricApplicationStarter [restartedMain] No active profile set, falling back to 1 default profile: "default"
2022-07-01 13:47:49,835 INFO org.springframework.data.repository.config.RepositoryConfigurationDelegate [restartedMain] Bootstrapping Spring Data JPA repositories in DEFAULT mode.
2022-07-01 13:47:49,949 INFO org.springframework.data.repository.config.RepositoryConfigurationDelegate [restartedMain] Finished Spring Data repository scanning in 114 ms. Found 25 JPA repository interfaces.
2022-07-01 13:47:50,066 INFO org.springframework.boot.web.embedded.tomcat.TomcatWebServer [restartedMain] Tomcat initialized with port(s): 8080 (http)
2022-07-01 13:47:50,067 INFO org.apache.catalina.core.StandardService [restartedMain] Starting service [Tomcat]
2022-07-01 13:47:50,067 INFO org.apache.catalina.core.StandardEngine [restartedMain] Starting Servlet engine: [Apache Tomcat/9.0.63]
2022-07-01 13:47:50,096 INFO org.apache.catalina.core.ContainerBase.[Tomcat].[localhost].[/] [restartedMain] Initializing Spring embedded WebApplicationContext
2022-07-01 13:47:50,096 INFO org.springframework.boot.web.servlet.context.ServletWebServerApplicationContext [restartedMain] Root WebApplicationContext: initialization completed in 823 ms
2022-07-01 13:47:50,176 INFO org.flywaydb.core.internal.license.VersionPrinter [restartedMain] Flyway Community Edition 8.5.11 by Redgate
2022-07-01 13:47:50,176 INFO org.flywaydb.core.internal.license.VersionPrinter [restartedMain] See what's new here: https://flywaydb.org/documentation/learnmore/releaseNotes#8.5.11
2022-07-01 13:47:50,176 INFO org.flywaydb.core.internal.license.VersionPrinter [restartedMain] 
2022-07-01 13:47:50,177 INFO com.zaxxer.hikari.HikariDataSource [restartedMain] HikariPool-6 - Starting...
2022-07-01 13:47:50,192 INFO com.zaxxer.hikari.HikariDataSource [restartedMain] HikariPool-6 - Start completed.
2022-07-01 13:47:50,193 INFO org.flywaydb.core.internal.database.base.BaseDatabaseType [restartedMain] Database: jdbc:mysql://localhost:3306/oric (MySQL 8.0)
2022-07-01 13:47:50,203 INFO org.flywaydb.core.internal.command.DbValidate [restartedMain] Successfully validated 1 migration (execution time 00:00.004s)
2022-07-01 13:47:50,209 INFO org.flywaydb.core.internal.command.DbMigrate [restartedMain] Current version of schema `oric`: 1
2022-07-01 13:47:50,209 INFO org.flywaydb.core.internal.command.DbMigrate [restartedMain] Schema `oric` is up to date. No migration necessary.
2022-07-01 13:47:50,238 INFO org.hibernate.jpa.internal.util.LogHelper [restartedMain] HHH000204: Processing PersistenceUnitInfo [name: default]
2022-07-01 13:47:50,246 INFO org.hibernate.dialect.Dialect [restartedMain] HHH000400: Using dialect: org.hibernate.dialect.MySQL5Dialect
2022-07-01 13:47:50,845 INFO org.hibernate.engine.transaction.jta.platform.internal.JtaPlatformInitiator [restartedMain] HHH000490: Using JtaPlatform implementation: [org.hibernate.engine.transaction.jta.platform.internal.NoJtaPlatform]
2022-07-01 13:47:50,846 INFO org.springframework.orm.jpa.LocalContainerEntityManagerFactoryBean [restartedMain] Initialized JPA EntityManagerFactory for persistence unit 'default'
2022-07-01 13:47:51,158 WARN org.springframework.boot.autoconfigure.orm.jpa.JpaBaseConfiguration$JpaWebConfiguration [restartedMain] spring.jpa.open-in-view is enabled by default. Therefore, database queries may be performed during view rendering. Explicitly configure spring.jpa.open-in-view to disable this warning
2022-07-01 13:47:51,225 INFO org.springframework.boot.actuate.endpoint.web.EndpointLinksResolver [restartedMain] Exposing 1 endpoint(s) beneath base path '/actuator'
2022-07-01 13:47:51,235 INFO org.springframework.security.web.DefaultSecurityFilterChain [restartedMain] Will secure any request with [org.springframework.security.web.session.DisableEncodeUrlFilter@623d11c9, org.springframework.security.web.context.request.async.WebAsyncManagerIntegrationFilter@51667be0, org.springframework.security.web.context.SecurityContextPersistenceFilter@1743293d, org.springframework.security.web.header.HeaderWriterFilter@5be3261c, org.springframework.security.web.authentication.logout.LogoutFilter@a6e7da, org.springframework.security.web.authentication.UsernamePasswordAuthenticationFilter@5512a486, org.springframework.security.web.savedrequest.RequestCacheAwareFilter@13cb87a1, org.springframework.security.web.servletapi.SecurityContextHolderAwareRequestFilter@515a8002, org.springframework.security.web.authentication.AnonymousAuthenticationFilter@19828808, org.springframework.security.web.session.SessionManagementFilter@5161d8db, org.springframework.security.web.access.ExceptionTranslationFilter@540a00d4, org.springframework.security.web.access.intercept.AuthorizationFilter@4ac04d81]
2022-07-01 13:47:51,316 WARN org.springframework.boot.autoconfigure.thymeleaf.ThymeleafAutoConfiguration$DefaultTemplateResolverConfiguration [restartedMain] Cannot find template location: classpath:/templates/ (please add some templates or check your Thymeleaf configuration)
2022-07-01 13:47:51,322 INFO org.springframework.boot.devtools.autoconfigure.OptionalLiveReloadServer [restartedMain] LiveReload server is running on port 35729
2022-07-01 13:47:51,335 INFO org.springframework.boot.web.embedded.tomcat.TomcatWebServer [restartedMain] Tomcat started on port(s): 8080 (http) with context path ''
2022-07-01 13:47:51,342 INFO pk.edu.iqra.oric.OricApplicationStarter [restartedMain] Started OricApplicationStarter in 2.12 seconds (JVM running for 717.178)
2022-07-01 13:47:51,344 INFO org.springframework.boot.devtools.autoconfigure.ConditionEvaluationDeltaLoggingListener [restartedMain] Condition evaluation unchanged
2022-07-01 13:47:52,853 INFO org.springframework.orm.jpa.LocalContainerEntityManagerFactoryBean [Thread-23] Closing JPA EntityManagerFactory for persistence unit 'default'
2022-07-01 13:47:52,853 INFO com.zaxxer.hikari.HikariDataSource [Thread-23] HikariPool-6 - Shutdown initiated...
2022-07-01 13:47:52,860 INFO com.zaxxer.hikari.HikariDataSource [Thread-23] HikariPool-6 - Shutdown completed.
2022-07-01 13:47:52,959 INFO pk.edu.iqra.oric.OricApplicationStarter [restartedMain] Starting OricApplicationStarter using Java 18.0.1 on LAPTOP-90SPLKL0 with PID 41440 (C:\Users\Lenovo\IdeaProjects\oric\target\classes started by Lenovo in C:\Users\Lenovo\IdeaProjects\oric)
2022-07-01 13:47:52,959 INFO pk.edu.iqra.oric.OricApplicationStarter [restartedMain] No active profile set, falling back to 1 default profile: "default"
2022-07-01 13:47:53,304 INFO org.springframework.data.repository.config.RepositoryConfigurationDelegate [restartedMain] Bootstrapping Spring Data JPA repositories in DEFAULT mode.
2022-07-01 13:47:53,389 INFO org.springframework.data.repository.config.RepositoryConfigurationDelegate [restartedMain] Finished Spring Data repository scanning in 84 ms. Found 25 JPA repository interfaces.
2022-07-01 13:47:53,468 INFO org.springframework.boot.web.embedded.tomcat.TomcatWebServer [restartedMain] Tomcat initialized with port(s): 8080 (http)
2022-07-01 13:47:53,468 INFO org.apache.catalina.core.StandardService [restartedMain] Starting service [Tomcat]
2022-07-01 13:47:53,468 INFO org.apache.catalina.core.StandardEngine [restartedMain] Starting Servlet engine: [Apache Tomcat/9.0.63]
2022-07-01 13:47:53,489 INFO org.apache.catalina.core.ContainerBase.[Tomcat].[localhost].[/] [restartedMain] Initializing Spring embedded WebApplicationContext
2022-07-01 13:47:53,489 INFO org.springframework.boot.web.servlet.context.ServletWebServerApplicationContext [restartedMain] Root WebApplicationContext: initialization completed in 528 ms
2022-07-01 13:47:53,544 INFO org.flywaydb.core.internal.license.VersionPrinter [restartedMain] Flyway Community Edition 8.5.11 by Redgate
2022-07-01 13:47:53,544 INFO org.flywaydb.core.internal.license.VersionPrinter [restartedMain] See what's new here: https://flywaydb.org/documentation/learnmore/releaseNotes#8.5.11
2022-07-01 13:47:53,545 INFO org.flywaydb.core.internal.license.VersionPrinter [restartedMain] 
2022-07-01 13:47:53,545 INFO com.zaxxer.hikari.HikariDataSource [restartedMain] HikariPool-7 - Starting...
2022-07-01 13:47:53,556 INFO com.zaxxer.hikari.HikariDataSource [restartedMain] HikariPool-7 - Start completed.
2022-07-01 13:47:53,556 INFO org.flywaydb.core.internal.database.base.BaseDatabaseType [restartedMain] Database: jdbc:mysql://localhost:3306/oric (MySQL 8.0)
2022-07-01 13:47:53,563 INFO org.flywaydb.core.internal.command.DbValidate [restartedMain] Successfully validated 1 migration (execution time 00:00.002s)
2022-07-01 13:47:53,568 INFO org.flywaydb.core.internal.command.DbMigrate [restartedMain] Current version of schema `oric`: 1
2022-07-01 13:47:53,569 INFO org.flywaydb.core.internal.command.DbMigrate [restartedMain] Schema `oric` is up to date. No migration necessary.
2022-07-01 13:47:53,595 INFO org.hibernate.jpa.internal.util.LogHelper [restartedMain] HHH000204: Processing PersistenceUnitInfo [name: default]
2022-07-01 13:47:53,602 INFO org.hibernate.dialect.Dialect [restartedMain] HHH000400: Using dialect: org.hibernate.dialect.MySQL5Dialect
2022-07-01 13:47:54,075 INFO org.hibernate.engine.transaction.jta.platform.internal.JtaPlatformInitiator [restartedMain] HHH000490: Using JtaPlatform implementation: [org.hibernate.engine.transaction.jta.platform.internal.NoJtaPlatform]
2022-07-01 13:47:54,075 INFO org.springframework.orm.jpa.LocalContainerEntityManagerFactoryBean [restartedMain] Initialized JPA EntityManagerFactory for persistence unit 'default'
2022-07-01 13:47:54,398 WARN org.springframework.boot.autoconfigure.orm.jpa.JpaBaseConfiguration$JpaWebConfiguration [restartedMain] spring.jpa.open-in-view is enabled by default. Therefore, database queries may be performed during view rendering. Explicitly configure spring.jpa.open-in-view to disable this warning
2022-07-01 13:47:54,450 INFO org.springframework.boot.actuate.endpoint.web.EndpointLinksResolver [restartedMain] Exposing 1 endpoint(s) beneath base path '/actuator'
2022-07-01 13:47:54,460 INFO org.springframework.security.web.DefaultSecurityFilterChain [restartedMain] Will secure any request with [org.springframework.security.web.session.DisableEncodeUrlFilter@61597f69, org.springframework.security.web.context.request.async.WebAsyncManagerIntegrationFilter@64a7d23b, org.springframework.security.web.context.SecurityContextPersistenceFilter@55ee9c78, org.springframework.security.web.header.HeaderWriterFilter@40c2bde5, org.springframework.security.web.authentication.logout.LogoutFilter@326e15fd, org.springframework.security.web.authentication.UsernamePasswordAuthenticationFilter@235a5702, org.springframework.security.web.savedrequest.RequestCacheAwareFilter@69851893, org.springframework.security.web.servletapi.SecurityContextHolderAwareRequestFilter@3cfdadd3, org.springframework.security.web.authentication.AnonymousAuthenticationFilter@251b09bd, org.springframework.security.web.session.SessionManagementFilter@2c306411, org.springframework.security.web.access.ExceptionTranslationFilter@615ba18f, org.springframework.security.web.access.intercept.AuthorizationFilter@222c7a28]
2022-07-01 13:47:54,552 WARN org.springframework.boot.autoconfigure.thymeleaf.ThymeleafAutoConfiguration$DefaultTemplateResolverConfiguration [restartedMain] Cannot find template location: classpath:/templates/ (please add some templates or check your Thymeleaf configuration)
2022-07-01 13:47:54,557 INFO org.springframework.boot.devtools.autoconfigure.OptionalLiveReloadServer [restartedMain] LiveReload server is running on port 35729
2022-07-01 13:47:54,570 INFO org.springframework.boot.web.embedded.tomcat.TomcatWebServer [restartedMain] Tomcat started on port(s): 8080 (http) with context path ''
2022-07-01 13:47:54,578 INFO pk.edu.iqra.oric.OricApplicationStarter [restartedMain] Started OricApplicationStarter in 1.645 seconds (JVM running for 720.414)
2022-07-01 13:47:54,580 INFO org.springframework.boot.devtools.autoconfigure.ConditionEvaluationDeltaLoggingListener [restartedMain] Condition evaluation unchanged
2022-07-01 13:48:06,559 INFO org.apache.catalina.core.ContainerBase.[Tomcat].[localhost].[/] [http-nio-8080-exec-1] Initializing Spring DispatcherServlet 'dispatcherServlet'
2022-07-01 13:48:06,559 INFO org.springframework.web.servlet.DispatcherServlet [http-nio-8080-exec-1] Initializing Servlet 'dispatcherServlet'
2022-07-01 13:48:06,560 INFO org.springframework.web.servlet.DispatcherServlet [http-nio-8080-exec-1] Completed initialization in 1 ms
2022-07-01 15:09:41,561 WARN org.springframework.web.servlet.PageNotFound [http-nio-8080-exec-7] No mapping for GET /favicon.ico
2022-07-01 15:53:18,092 INFO org.springframework.orm.jpa.LocalContainerEntityManagerFactoryBean [SpringApplicationShutdownHook] Closing JPA EntityManagerFactory for persistence unit 'default'
2022-07-01 15:53:18,093 INFO com.zaxxer.hikari.HikariDataSource [SpringApplicationShutdownHook] HikariPool-7 - Shutdown initiated...
2022-07-01 15:53:18,099 INFO com.zaxxer.hikari.HikariDataSource [SpringApplicationShutdownHook] HikariPool-7 - Shutdown completed.
