2022-06-30 14:07:41,382 INFO pk.edu.iqra.oric.OricApplicationStarter [restartedMain] Starting OricApplicationStarter using Java 18.0.1 on LAPTOP-90SPLKL0 with PID 21244 (C:\Users\Lenovo\IdeaProjects\oric\target\classes started by Lenovo in C:\Users\Lenovo\IdeaProjects\oric)
2022-06-30 14:07:41,387 INFO pk.edu.iqra.oric.OricApplicationStarter [restartedMain] No active profile set, falling back to 1 default profile: "default"
2022-06-30 14:07:41,467 INFO org.springframework.boot.devtools.env.DevToolsPropertyDefaultsPostProcessor [restartedMain] Devtools property defaults active! Set 'spring.devtools.add-properties' to 'false' to disable
2022-06-30 14:07:41,467 INFO org.springframework.boot.devtools.env.DevToolsPropertyDefaultsPostProcessor [restartedMain] For additional web related logging consider setting the 'logging.level.web' property to 'DEBUG'
2022-06-30 14:07:43,013 INFO org.springframework.data.repository.config.RepositoryConfigurationDelegate [restartedMain] Bootstrapping Spring Data JPA repositories in DEFAULT mode.
2022-06-30 14:07:43,213 INFO org.springframework.data.repository.config.RepositoryConfigurationDelegate [restartedMain] Finished Spring Data repository scanning in 189 ms. Found 23 JPA repository interfaces.
2022-06-30 14:07:43,893 INFO org.springframework.boot.web.embedded.tomcat.TomcatWebServer [restartedMain] Tomcat initialized with port(s): 8080 (http)
2022-06-30 14:07:43,901 INFO org.apache.catalina.core.StandardService [restartedMain] Starting service [Tomcat]
2022-06-30 14:07:43,901 INFO org.apache.catalina.core.StandardEngine [restartedMain] Starting Servlet engine: [Apache Tomcat/9.0.63]
2022-06-30 14:07:43,980 INFO org.apache.catalina.core.ContainerBase.[Tomcat].[localhost].[/] [restartedMain] Initializing Spring embedded WebApplicationContext
2022-06-30 14:07:43,980 INFO org.springframework.boot.web.servlet.context.ServletWebServerApplicationContext [restartedMain] Root WebApplicationContext: initialization completed in 2512 ms
2022-06-30 14:07:44,213 INFO org.flywaydb.core.internal.license.VersionPrinter [restartedMain] Flyway Community Edition 8.5.11 by Redgate
2022-06-30 14:07:44,214 INFO org.flywaydb.core.internal.license.VersionPrinter [restartedMain] See what's new here: https://flywaydb.org/documentation/learnmore/releaseNotes#8.5.11
2022-06-30 14:07:44,214 INFO org.flywaydb.core.internal.license.VersionPrinter [restartedMain] 
2022-06-30 14:07:44,220 INFO com.zaxxer.hikari.HikariDataSource [restartedMain] HikariPool-1 - Starting...
2022-06-30 14:07:44,540 INFO com.zaxxer.hikari.HikariDataSource [restartedMain] HikariPool-1 - Start completed.
2022-06-30 14:07:44,570 INFO org.flywaydb.core.internal.database.base.BaseDatabaseType [restartedMain] Database: jdbc:mysql://localhost:3306/oric (MySQL 8.0)
2022-06-30 14:07:44,611 INFO org.flywaydb.core.internal.command.DbValidate [restartedMain] Successfully validated 1 migration (execution time 00:00.016s)
2022-06-30 14:07:44,623 INFO org.flywaydb.core.internal.command.DbMigrate [restartedMain] Current version of schema `oric`: 1
2022-06-30 14:07:44,623 INFO org.flywaydb.core.internal.command.DbMigrate [restartedMain] Schema `oric` is up to date. No migration necessary.
2022-06-30 14:07:44,731 INFO org.hibernate.jpa.internal.util.LogHelper [restartedMain] HHH000204: Processing PersistenceUnitInfo [name: default]
2022-06-30 14:07:44,793 INFO org.hibernate.Version [restartedMain] HHH000412: Hibernate ORM core version 5.6.9.Final
2022-06-30 14:07:44,944 INFO org.hibernate.annotations.common.Version [restartedMain] HCANN000001: Hibernate Commons Annotations {5.1.2.Final}
2022-06-30 14:07:45,073 INFO org.hibernate.dialect.Dialect [restartedMain] HHH000400: Using dialect: org.hibernate.dialect.MySQL5Dialect
2022-06-30 14:07:46,194 INFO org.hibernate.engine.transaction.jta.platform.internal.JtaPlatformInitiator [restartedMain] HHH000490: Using JtaPlatform implementation: [org.hibernate.engine.transaction.jta.platform.internal.NoJtaPlatform]
2022-06-30 14:07:46,201 INFO org.springframework.orm.jpa.LocalContainerEntityManagerFactoryBean [restartedMain] Initialized JPA EntityManagerFactory for persistence unit 'default'
2022-06-30 14:07:47,203 WARN org.springframework.boot.autoconfigure.orm.jpa.JpaBaseConfiguration$JpaWebConfiguration [restartedMain] spring.jpa.open-in-view is enabled by default. Therefore, database queries may be performed during view rendering. Explicitly configure spring.jpa.open-in-view to disable this warning
2022-06-30 14:07:47,394 INFO org.springframework.boot.actuate.endpoint.web.EndpointLinksResolver [restartedMain] Exposing 1 endpoint(s) beneath base path '/actuator'
2022-06-30 14:07:47,430 INFO org.springframework.security.web.DefaultSecurityFilterChain [restartedMain] Will secure any request with [org.springframework.security.web.session.DisableEncodeUrlFilter@2b587c49, org.springframework.security.web.context.request.async.WebAsyncManagerIntegrationFilter@470fa959, org.springframework.security.web.context.SecurityContextPersistenceFilter@68eccf42, org.springframework.security.web.header.HeaderWriterFilter@1adb85bf, org.springframework.security.web.authentication.logout.LogoutFilter@41137c46, org.springframework.security.web.authentication.UsernamePasswordAuthenticationFilter@a6011f7, org.springframework.security.web.savedrequest.RequestCacheAwareFilter@329d4602, org.springframework.security.web.servletapi.SecurityContextHolderAwareRequestFilter@424faac0, org.springframework.security.web.authentication.AnonymousAuthenticationFilter@6af63cf6, org.springframework.security.web.session.SessionManagementFilter@122d0c28, org.springframework.security.web.access.ExceptionTranslationFilter@17013dbd, org.springframework.security.web.access.intercept.AuthorizationFilter@473dc3be]
2022-06-30 14:07:47,710 WARN org.springframework.boot.autoconfigure.thymeleaf.ThymeleafAutoConfiguration$DefaultTemplateResolverConfiguration [restartedMain] Cannot find template location: classpath:/templates/ (please add some templates or check your Thymeleaf configuration)
2022-06-30 14:07:47,768 INFO org.springframework.boot.devtools.autoconfigure.OptionalLiveReloadServer [restartedMain] LiveReload server is running on port 35729
2022-06-30 14:07:47,811 INFO org.springframework.boot.web.embedded.tomcat.TomcatWebServer [restartedMain] Tomcat started on port(s): 8080 (http) with context path ''
2022-06-30 14:07:47,828 INFO pk.edu.iqra.oric.OricApplicationStarter [restartedMain] Started OricApplicationStarter in 7.134 seconds (JVM running for 8.202)
2022-06-30 14:07:48,125 INFO org.apache.catalina.core.ContainerBase.[Tomcat].[localhost].[/] [RMI TCP Connection(1)-10.9.0.29] Initializing Spring DispatcherServlet 'dispatcherServlet'
2022-06-30 14:07:48,126 INFO org.springframework.web.servlet.DispatcherServlet [RMI TCP Connection(1)-10.9.0.29] Initializing Servlet 'dispatcherServlet'
2022-06-30 14:07:48,128 INFO org.springframework.web.servlet.DispatcherServlet [RMI TCP Connection(1)-10.9.0.29] Completed initialization in 2 ms
2022-06-30 14:44:37,104 ERROR org.apache.catalina.core.ContainerBase.[Tomcat].[localhost].[/].[dispatcherServlet] [http-nio-8080-exec-1] Servlet.service() for servlet [dispatcherServlet] in context with path [] threw exception [Request processing failed; nested exception is java.lang.NullPointerException: Cannot invoke "pk.edu.iqra.oric.repository.OricPositionTitleRepository.findAll()" because "this.oricPositionTitleRepository" is null] with root cause
java.lang.NullPointerException: Cannot invoke "pk.edu.iqra.oric.repository.OricPositionTitleRepository.findAll()" because "this.oricPositionTitleRepository" is null
	at pk.edu.iqra.oric.service.impl.DataServiceImpl.getOricPositionsTitles(DataServiceImpl.java:66)
	at pk.edu.iqra.oric.controller.DataContoller.getOricPositionTitles(DataContoller.java:127)
	at java.base/jdk.internal.reflect.DirectMethodHandleAccessor.invoke(DirectMethodHandleAccessor.java:104)
	at java.base/java.lang.reflect.Method.invoke(Method.java:577)
	at org.springframework.web.method.support.InvocableHandlerMethod.doInvoke(InvocableHandlerMethod.java:205)
	at org.springframework.web.method.support.InvocableHandlerMethod.invokeForRequest(InvocableHandlerMethod.java:150)
	at org.springframework.web.servlet.mvc.method.annotation.ServletInvocableHandlerMethod.invokeAndHandle(ServletInvocableHandlerMethod.java:117)
	at org.springframework.web.servlet.mvc.method.annotation.RequestMappingHandlerAdapter.invokeHandlerMethod(RequestMappingHandlerAdapter.java:895)
	at org.springframework.web.servlet.mvc.method.annotation.RequestMappingHandlerAdapter.handleInternal(RequestMappingHandlerAdapter.java:808)
	at org.springframework.web.servlet.mvc.method.AbstractHandlerMethodAdapter.handle(AbstractHandlerMethodAdapter.java:87)
	at org.springframework.web.servlet.DispatcherServlet.doDispatch(DispatcherServlet.java:1067)
	at org.springframework.web.servlet.DispatcherServlet.doService(DispatcherServlet.java:963)
	at org.springframework.web.servlet.FrameworkServlet.processRequest(FrameworkServlet.java:1006)
	at org.springframework.web.servlet.FrameworkServlet.doGet(FrameworkServlet.java:898)
	at javax.servlet.http.HttpServlet.service(HttpServlet.java:655)
	at org.springframework.web.servlet.FrameworkServlet.service(FrameworkServlet.java:883)
	at javax.servlet.http.HttpServlet.service(HttpServlet.java:764)
	at org.apache.catalina.core.ApplicationFilterChain.internalDoFilter(ApplicationFilterChain.java:227)
	at org.apache.catalina.core.ApplicationFilterChain.doFilter(ApplicationFilterChain.java:162)
	at org.apache.tomcat.websocket.server.WsFilter.doFilter(WsFilter.java:53)
	at org.apache.catalina.core.ApplicationFilterChain.internalDoFilter(ApplicationFilterChain.java:189)
	at org.apache.catalina.core.ApplicationFilterChain.doFilter(ApplicationFilterChain.java:162)
	at org.springframework.security.web.FilterChainProxy$VirtualFilterChain.doFilter(FilterChainProxy.java:327)
	at org.springframework.security.web.access.intercept.AuthorizationFilter.doFilterInternal(AuthorizationFilter.java:73)
	at org.springframework.web.filter.OncePerRequestFilter.doFilter(OncePerRequestFilter.java:117)
	at org.springframework.security.web.FilterChainProxy$VirtualFilterChain.doFilter(FilterChainProxy.java:336)
	at org.springframework.security.web.access.ExceptionTranslationFilter.doFilter(ExceptionTranslationFilter.java:122)
	at org.springframework.security.web.access.ExceptionTranslationFilter.doFilter(ExceptionTranslationFilter.java:116)
	at org.springframework.security.web.FilterChainProxy$VirtualFilterChain.doFilter(FilterChainProxy.java:336)
	at org.springframework.security.web.session.SessionManagementFilter.doFilter(SessionManagementFilter.java:126)
	at org.springframework.security.web.session.SessionManagementFilter.doFilter(SessionManagementFilter.java:81)
	at org.springframework.security.web.FilterChainProxy$VirtualFilterChain.doFilter(FilterChainProxy.java:336)
	at org.springframework.security.web.authentication.AnonymousAuthenticationFilter.doFilter(AnonymousAuthenticationFilter.java:109)
	at org.springframework.security.web.FilterChainProxy$VirtualFilterChain.doFilter(FilterChainProxy.java:336)
	at org.springframework.security.web.servletapi.SecurityContextHolderAwareRequestFilter.doFilter(SecurityContextHolderAwareRequestFilter.java:149)
	at org.springframework.security.web.FilterChainProxy$VirtualFilterChain.doFilter(FilterChainProxy.java:336)
	at org.springframework.security.web.savedrequest.RequestCacheAwareFilter.doFilter(RequestCacheAwareFilter.java:63)
	at org.springframework.security.web.FilterChainProxy$VirtualFilterChain.doFilter(FilterChainProxy.java:336)
	at org.springframework.security.web.authentication.AbstractAuthenticationProcessingFilter.doFilter(AbstractAuthenticationProcessingFilter.java:223)
	at org.springframework.security.web.authentication.AbstractAuthenticationProcessingFilter.doFilter(AbstractAuthenticationProcessingFilter.java:217)
	at org.springframework.security.web.FilterChainProxy$VirtualFilterChain.doFilter(FilterChainProxy.java:336)
	at org.springframework.security.web.authentication.logout.LogoutFilter.doFilter(LogoutFilter.java:103)
	at org.springframework.security.web.authentication.logout.LogoutFilter.doFilter(LogoutFilter.java:89)
	at org.springframework.security.web.FilterChainProxy$VirtualFilterChain.doFilter(FilterChainProxy.java:336)
	at org.springframework.security.web.header.HeaderWriterFilter.doHeadersAfter(HeaderWriterFilter.java:90)
	at org.springframework.security.web.header.HeaderWriterFilter.doFilterInternal(HeaderWriterFilter.java:75)
	at org.springframework.web.filter.OncePerRequestFilter.doFilter(OncePerRequestFilter.java:117)
	at org.springframework.security.web.FilterChainProxy$VirtualFilterChain.doFilter(FilterChainProxy.java:336)
	at org.springframework.security.web.context.SecurityContextPersistenceFilter.doFilter(SecurityContextPersistenceFilter.java:112)
	at org.springframework.security.web.context.SecurityContextPersistenceFilter.doFilter(SecurityContextPersistenceFilter.java:82)
	at org.springframework.security.web.FilterChainProxy$VirtualFilterChain.doFilter(FilterChainProxy.java:336)
	at org.springframework.security.web.context.request.async.WebAsyncManagerIntegrationFilter.doFilterInternal(WebAsyncManagerIntegrationFilter.java:55)
	at org.springframework.web.filter.OncePerRequestFilter.doFilter(OncePerRequestFilter.java:117)
	at org.springframework.security.web.FilterChainProxy$VirtualFilterChain.doFilter(FilterChainProxy.java:336)
	at org.springframework.security.web.session.DisableEncodeUrlFilter.doFilterInternal(DisableEncodeUrlFilter.java:42)
	at org.springframework.web.filter.OncePerRequestFilter.doFilter(OncePerRequestFilter.java:117)
	at org.springframework.security.web.FilterChainProxy$VirtualFilterChain.doFilter(FilterChainProxy.java:336)
	at org.springframework.security.web.FilterChainProxy.doFilterInternal(FilterChainProxy.java:211)
	at org.springframework.security.web.FilterChainProxy.doFilter(FilterChainProxy.java:183)
	at org.springframework.web.filter.DelegatingFilterProxy.invokeDelegate(DelegatingFilterProxy.java:354)
	at org.springframework.web.filter.DelegatingFilterProxy.doFilter(DelegatingFilterProxy.java:267)
	at org.apache.catalina.core.ApplicationFilterChain.internalDoFilter(ApplicationFilterChain.java:189)
	at org.apache.catalina.core.ApplicationFilterChain.doFilter(ApplicationFilterChain.java:162)
	at org.springframework.boot.actuate.metrics.web.servlet.WebMvcMetricsFilter.doFilterInternal(WebMvcMetricsFilter.java:96)
	at org.springframework.web.filter.OncePerRequestFilter.doFilter(OncePerRequestFilter.java:117)
	at org.apache.catalina.core.ApplicationFilterChain.internalDoFilter(ApplicationFilterChain.java:189)
	at org.apache.catalina.core.ApplicationFilterChain.doFilter(ApplicationFilterChain.java:162)
	at org.springframework.web.filter.CharacterEncodingFilter.doFilterInternal(CharacterEncodingFilter.java:201)
	at org.springframework.web.filter.OncePerRequestFilter.doFilter(OncePerRequestFilter.java:117)
	at org.apache.catalina.core.ApplicationFilterChain.internalDoFilter(ApplicationFilterChain.java:189)
	at org.apache.catalina.core.ApplicationFilterChain.doFilter(ApplicationFilterChain.java:162)
	at org.apache.catalina.core.StandardWrapperValve.invoke(StandardWrapperValve.java:197)
	at org.apache.catalina.core.StandardContextValve.invoke(StandardContextValve.java:97)
	at org.apache.catalina.authenticator.AuthenticatorBase.invoke(AuthenticatorBase.java:541)
	at org.apache.catalina.core.StandardHostValve.invoke(StandardHostValve.java:135)
	at org.apache.catalina.valves.ErrorReportValve.invoke(ErrorReportValve.java:92)
	at org.apache.catalina.core.StandardEngineValve.invoke(StandardEngineValve.java:78)
	at org.apache.catalina.connector.CoyoteAdapter.service(CoyoteAdapter.java:360)
	at org.apache.coyote.http11.Http11Processor.service(Http11Processor.java:399)
	at org.apache.coyote.AbstractProcessorLight.process(AbstractProcessorLight.java:65)
	at org.apache.coyote.AbstractProtocol$ConnectionHandler.process(AbstractProtocol.java:890)
	at org.apache.tomcat.util.net.NioEndpoint$SocketProcessor.doRun(NioEndpoint.java:1743)
	at org.apache.tomcat.util.net.SocketProcessorBase.run(SocketProcessorBase.java:49)
	at org.apache.tomcat.util.threads.ThreadPoolExecutor.runWorker(ThreadPoolExecutor.java:1191)
	at org.apache.tomcat.util.threads.ThreadPoolExecutor$Worker.run(ThreadPoolExecutor.java:659)
	at org.apache.tomcat.util.threads.TaskThread$WrappingRunnable.run(TaskThread.java:61)
	at java.base/java.lang.Thread.run(Thread.java:833)
2022-06-30 14:45:13,665 INFO org.springframework.orm.jpa.LocalContainerEntityManagerFactoryBean [Thread-5] Closing JPA EntityManagerFactory for persistence unit 'default'
2022-06-30 14:45:13,670 INFO com.zaxxer.hikari.HikariDataSource [Thread-5] HikariPool-1 - Shutdown initiated...
2022-06-30 14:45:13,682 INFO com.zaxxer.hikari.HikariDataSource [Thread-5] HikariPool-1 - Shutdown completed.
2022-06-30 14:45:13,856 INFO pk.edu.iqra.oric.OricApplicationStarter [restartedMain] Starting OricApplicationStarter using Java 18.0.1 on LAPTOP-90SPLKL0 with PID 21244 (C:\Users\Lenovo\IdeaProjects\oric\target\classes started by Lenovo in C:\Users\Lenovo\IdeaProjects\oric)
2022-06-30 14:45:13,856 INFO pk.edu.iqra.oric.OricApplicationStarter [restartedMain] No active profile set, falling back to 1 default profile: "default"
2022-06-30 14:45:14,336 INFO org.springframework.data.repository.config.RepositoryConfigurationDelegate [restartedMain] Bootstrapping Spring Data JPA repositories in DEFAULT mode.
2022-06-30 14:45:14,452 INFO org.springframework.data.repository.config.RepositoryConfigurationDelegate [restartedMain] Finished Spring Data repository scanning in 115 ms. Found 23 JPA repository interfaces.
2022-06-30 14:45:14,594 INFO org.springframework.boot.web.embedded.tomcat.TomcatWebServer [restartedMain] Tomcat initialized with port(s): 8080 (http)
2022-06-30 14:45:14,595 INFO org.apache.catalina.core.StandardService [restartedMain] Starting service [Tomcat]
2022-06-30 14:45:14,595 INFO org.apache.catalina.core.StandardEngine [restartedMain] Starting Servlet engine: [Apache Tomcat/9.0.63]
2022-06-30 14:45:14,633 INFO org.apache.catalina.core.ContainerBase.[Tomcat].[localhost].[/] [restartedMain] Initializing Spring embedded WebApplicationContext
2022-06-30 14:45:14,633 INFO org.springframework.boot.web.servlet.context.ServletWebServerApplicationContext [restartedMain] Root WebApplicationContext: initialization completed in 772 ms
2022-06-30 14:45:14,734 INFO org.flywaydb.core.internal.license.VersionPrinter [restartedMain] Flyway Community Edition 8.5.11 by Redgate
2022-06-30 14:45:14,735 INFO org.flywaydb.core.internal.license.VersionPrinter [restartedMain] See what's new here: https://flywaydb.org/documentation/learnmore/releaseNotes#8.5.11
2022-06-30 14:45:14,735 INFO org.flywaydb.core.internal.license.VersionPrinter [restartedMain] 
2022-06-30 14:45:14,736 INFO com.zaxxer.hikari.HikariDataSource [restartedMain] HikariPool-2 - Starting...
2022-06-30 14:45:14,755 INFO com.zaxxer.hikari.HikariDataSource [restartedMain] HikariPool-2 - Start completed.
2022-06-30 14:45:14,756 INFO org.flywaydb.core.internal.database.base.BaseDatabaseType [restartedMain] Database: jdbc:mysql://localhost:3306/oric (MySQL 8.0)
2022-06-30 14:45:14,770 INFO org.flywaydb.core.internal.command.DbValidate [restartedMain] Successfully validated 1 migration (execution time 00:00.006s)
2022-06-30 14:45:14,778 INFO org.flywaydb.core.internal.command.DbMigrate [restartedMain] Current version of schema `oric`: 1
2022-06-30 14:45:14,779 INFO org.flywaydb.core.internal.command.DbMigrate [restartedMain] Schema `oric` is up to date. No migration necessary.
2022-06-30 14:45:14,827 INFO org.hibernate.jpa.internal.util.LogHelper [restartedMain] HHH000204: Processing PersistenceUnitInfo [name: default]
2022-06-30 14:45:14,837 INFO org.hibernate.dialect.Dialect [restartedMain] HHH000400: Using dialect: org.hibernate.dialect.MySQL5Dialect
2022-06-30 14:45:15,503 INFO org.hibernate.engine.transaction.jta.platform.internal.JtaPlatformInitiator [restartedMain] HHH000490: Using JtaPlatform implementation: [org.hibernate.engine.transaction.jta.platform.internal.NoJtaPlatform]
2022-06-30 14:45:15,503 INFO org.springframework.orm.jpa.LocalContainerEntityManagerFactoryBean [restartedMain] Initialized JPA EntityManagerFactory for persistence unit 'default'
2022-06-30 14:45:15,577 WARN org.springframework.boot.web.servlet.context.AnnotationConfigServletWebServerApplicationContext [restartedMain] Exception encountered during context initialization - cancelling refresh attempt: org.springframework.beans.factory.UnsatisfiedDependencyException: Error creating bean with name 'dataContoller' defined in file [C:\Users\Lenovo\IdeaProjects\oric\target\classes\pk\edu\iqra\oric\controller\DataContoller.class]: Unsatisfied dependency expressed through constructor parameter 0; nested exception is org.springframework.beans.factory.NoSuchBeanDefinitionException: No qualifying bean of type 'pk.edu.iqra.oric.service.DataService' available: expected at least 1 bean which qualifies as autowire candidate. Dependency annotations: {}
2022-06-30 14:45:15,577 INFO org.springframework.orm.jpa.LocalContainerEntityManagerFactoryBean [restartedMain] Closing JPA EntityManagerFactory for persistence unit 'default'
2022-06-30 14:45:15,578 INFO com.zaxxer.hikari.HikariDataSource [restartedMain] HikariPool-2 - Shutdown initiated...
2022-06-30 14:45:15,587 INFO com.zaxxer.hikari.HikariDataSource [restartedMain] HikariPool-2 - Shutdown completed.
2022-06-30 14:45:15,588 INFO org.apache.catalina.core.StandardService [restartedMain] Stopping service [Tomcat]
2022-06-30 14:45:15,603 INFO org.springframework.boot.autoconfigure.logging.ConditionEvaluationReportLoggingListener [restartedMain] 

Error starting ApplicationContext. To display the conditions report re-run your application with 'debug' enabled.
2022-06-30 14:45:15,629 ERROR org.springframework.boot.diagnostics.LoggingFailureAnalysisReporter [restartedMain] 

***************************
APPLICATION FAILED TO START
***************************

Description:

Parameter 0 of constructor in pk.edu.iqra.oric.controller.DataContoller required a bean of type 'pk.edu.iqra.oric.service.DataService' that could not be found.


Action:

Consider defining a bean of type 'pk.edu.iqra.oric.service.DataService' in your configuration.

2022-06-30 14:45:17,173 INFO pk.edu.iqra.oric.OricApplicationStarter [restartedMain] Starting OricApplicationStarter using Java 18.0.1 on LAPTOP-90SPLKL0 with PID 21244 (C:\Users\Lenovo\IdeaProjects\oric\target\classes started by Lenovo in C:\Users\Lenovo\IdeaProjects\oric)
2022-06-30 14:45:17,173 INFO pk.edu.iqra.oric.OricApplicationStarter [restartedMain] No active profile set, falling back to 1 default profile: "default"
2022-06-30 14:45:17,582 INFO org.springframework.data.repository.config.RepositoryConfigurationDelegate [restartedMain] Bootstrapping Spring Data JPA repositories in DEFAULT mode.
2022-06-30 14:45:17,704 INFO org.springframework.data.repository.config.RepositoryConfigurationDelegate [restartedMain] Finished Spring Data repository scanning in 121 ms. Found 23 JPA repository interfaces.
2022-06-30 14:45:17,867 INFO org.springframework.boot.web.embedded.tomcat.TomcatWebServer [restartedMain] Tomcat initialized with port(s): 8080 (http)
2022-06-30 14:45:17,867 INFO org.apache.catalina.core.StandardService [restartedMain] Starting service [Tomcat]
2022-06-30 14:45:17,868 INFO org.apache.catalina.core.StandardEngine [restartedMain] Starting Servlet engine: [Apache Tomcat/9.0.63]
2022-06-30 14:45:17,895 INFO org.apache.catalina.core.ContainerBase.[Tomcat-1].[localhost].[/] [restartedMain] Initializing Spring embedded WebApplicationContext
2022-06-30 14:45:17,895 INFO org.springframework.boot.web.servlet.context.ServletWebServerApplicationContext [restartedMain] Root WebApplicationContext: initialization completed in 719 ms
2022-06-30 14:45:17,984 INFO org.flywaydb.core.internal.license.VersionPrinter [restartedMain] Flyway Community Edition 8.5.11 by Redgate
2022-06-30 14:45:17,984 INFO org.flywaydb.core.internal.license.VersionPrinter [restartedMain] See what's new here: https://flywaydb.org/documentation/learnmore/releaseNotes#8.5.11
2022-06-30 14:45:17,984 INFO org.flywaydb.core.internal.license.VersionPrinter [restartedMain] 
2022-06-30 14:45:17,986 INFO com.zaxxer.hikari.HikariDataSource [restartedMain] HikariPool-3 - Starting...
2022-06-30 14:45:18,000 INFO com.zaxxer.hikari.HikariDataSource [restartedMain] HikariPool-3 - Start completed.
2022-06-30 14:45:18,001 INFO org.flywaydb.core.internal.database.base.BaseDatabaseType [restartedMain] Database: jdbc:mysql://localhost:3306/oric (MySQL 8.0)
2022-06-30 14:45:18,011 INFO org.flywaydb.core.internal.command.DbValidate [restartedMain] Successfully validated 1 migration (execution time 00:00.003s)
2022-06-30 14:45:18,016 INFO org.flywaydb.core.internal.command.DbMigrate [restartedMain] Current version of schema `oric`: 1
2022-06-30 14:45:18,017 INFO org.flywaydb.core.internal.command.DbMigrate [restartedMain] Schema `oric` is up to date. No migration necessary.
2022-06-30 14:45:18,046 INFO org.hibernate.jpa.internal.util.LogHelper [restartedMain] HHH000204: Processing PersistenceUnitInfo [name: default]
2022-06-30 14:45:18,055 INFO org.hibernate.dialect.Dialect [restartedMain] HHH000400: Using dialect: org.hibernate.dialect.MySQL5Dialect
2022-06-30 14:45:18,584 INFO org.hibernate.engine.transaction.jta.platform.internal.JtaPlatformInitiator [restartedMain] HHH000490: Using JtaPlatform implementation: [org.hibernate.engine.transaction.jta.platform.internal.NoJtaPlatform]
2022-06-30 14:45:18,584 INFO org.springframework.orm.jpa.LocalContainerEntityManagerFactoryBean [restartedMain] Initialized JPA EntityManagerFactory for persistence unit 'default'
2022-06-30 14:45:18,918 WARN org.springframework.boot.autoconfigure.orm.jpa.JpaBaseConfiguration$JpaWebConfiguration [restartedMain] spring.jpa.open-in-view is enabled by default. Therefore, database queries may be performed during view rendering. Explicitly configure spring.jpa.open-in-view to disable this warning
2022-06-30 14:45:18,988 INFO org.springframework.boot.actuate.endpoint.web.EndpointLinksResolver [restartedMain] Exposing 1 endpoint(s) beneath base path '/actuator'
2022-06-30 14:45:18,999 INFO org.springframework.security.web.DefaultSecurityFilterChain [restartedMain] Will secure any request with [org.springframework.security.web.session.DisableEncodeUrlFilter@e62345c, org.springframework.security.web.context.request.async.WebAsyncManagerIntegrationFilter@3a82ab13, org.springframework.security.web.context.SecurityContextPersistenceFilter@32329aed, org.springframework.security.web.header.HeaderWriterFilter@564f3ab1, org.springframework.security.web.authentication.logout.LogoutFilter@36015443, org.springframework.security.web.authentication.UsernamePasswordAuthenticationFilter@32fddd0c, org.springframework.security.web.savedrequest.RequestCacheAwareFilter@453e79eb, org.springframework.security.web.servletapi.SecurityContextHolderAwareRequestFilter@6a0b594f, org.springframework.security.web.authentication.AnonymousAuthenticationFilter@31af1066, org.springframework.security.web.session.SessionManagementFilter@7c80d67c, org.springframework.security.web.access.ExceptionTranslationFilter@3c097e4e, org.springframework.security.web.access.intercept.AuthorizationFilter@3037722f]
2022-06-30 14:45:19,118 WARN org.springframework.boot.autoconfigure.thymeleaf.ThymeleafAutoConfiguration$DefaultTemplateResolverConfiguration [restartedMain] Cannot find template location: classpath:/templates/ (please add some templates or check your Thymeleaf configuration)
2022-06-30 14:45:19,126 INFO org.springframework.boot.devtools.autoconfigure.OptionalLiveReloadServer [restartedMain] LiveReload server is running on port 35729
2022-06-30 14:45:19,143 INFO org.springframework.boot.web.embedded.tomcat.TomcatWebServer [restartedMain] Tomcat started on port(s): 8080 (http) with context path ''
2022-06-30 14:45:19,151 INFO pk.edu.iqra.oric.OricApplicationStarter [restartedMain] Started OricApplicationStarter in 2.012 seconds (JVM running for 2259.525)
2022-06-30 14:45:19,154 INFO org.springframework.boot.devtools.autoconfigure.ConditionEvaluationDeltaLoggingListener [restartedMain] Condition evaluation unchanged
2022-06-30 14:45:27,764 INFO org.apache.catalina.core.ContainerBase.[Tomcat-1].[localhost].[/] [http-nio-8080-exec-1] Initializing Spring DispatcherServlet 'dispatcherServlet'
2022-06-30 14:45:27,764 INFO org.springframework.web.servlet.DispatcherServlet [http-nio-8080-exec-1] Initializing Servlet 'dispatcherServlet'
2022-06-30 14:45:27,766 INFO org.springframework.web.servlet.DispatcherServlet [http-nio-8080-exec-1] Completed initialization in 2 ms
2022-06-30 18:02:16,914 WARN com.zaxxer.hikari.pool.HikariPool [HikariPool-3 housekeeper] HikariPool-3 - Thread starvation or clock leap detected (housekeeper delta=3h28s527ms97µs200ns).
2022-06-30 19:43:36,613 WARN com.zaxxer.hikari.pool.HikariPool [HikariPool-3 housekeeper] HikariPool-3 - Thread starvation or clock leap detected (housekeeper delta=1h41m26s964ms220µs).
