2022-07-18 16:19:25,722 INFO pk.edu.iqra.oric.OricApplicationStarter [restartedMain] Starting OricApplicationStarter using Java 18.0.1 on LAPTOP-90SPLKL0 with PID 31736 (C:\Users\Lenovo\IdeaProjects\oric\target\classes started by Lenovo in C:\Users\Lenovo\IdeaProjects\oric)
2022-07-18 16:19:25,732 INFO pk.edu.iqra.oric.OricApplicationStarter [restartedMain] No active profile set, falling back to 1 default profile: "default"
2022-07-18 16:19:25,777 INFO org.springframework.boot.devtools.env.DevToolsPropertyDefaultsPostProcessor [restartedMain] Devtools property defaults active! Set 'spring.devtools.add-properties' to 'false' to disable
2022-07-18 16:19:25,777 INFO org.springframework.boot.devtools.env.DevToolsPropertyDefaultsPostProcessor [restartedMain] For additional web related logging consider setting the 'logging.level.web' property to 'DEBUG'
2022-07-18 16:19:26,718 INFO org.springframework.data.repository.config.RepositoryConfigurationDelegate [restartedMain] Bootstrapping Spring Data JPA repositories in DEFAULT mode.
2022-07-18 16:19:26,874 INFO org.springframework.data.repository.config.RepositoryConfigurationDelegate [restartedMain] Finished Spring Data repository scanning in 149 ms. Found 27 JPA repository interfaces.
2022-07-18 16:19:27,335 INFO org.springframework.boot.web.embedded.tomcat.TomcatWebServer [restartedMain] Tomcat initialized with port(s): 8080 (http)
2022-07-18 16:19:27,341 INFO org.apache.catalina.core.StandardService [restartedMain] Starting service [Tomcat]
2022-07-18 16:19:27,342 INFO org.apache.catalina.core.StandardEngine [restartedMain] Starting Servlet engine: [Apache Tomcat/9.0.63]
2022-07-18 16:19:27,411 INFO org.apache.catalina.core.ContainerBase.[Tomcat].[localhost].[/] [restartedMain] Initializing Spring embedded WebApplicationContext
2022-07-18 16:19:27,411 INFO org.springframework.boot.web.servlet.context.ServletWebServerApplicationContext [restartedMain] Root WebApplicationContext: initialization completed in 1633 ms
2022-07-18 16:19:27,606 INFO org.flywaydb.core.internal.license.VersionPrinter [restartedMain] Flyway Community Edition 8.5.11 by Redgate
2022-07-18 16:19:27,607 INFO org.flywaydb.core.internal.license.VersionPrinter [restartedMain] See what's new here: https://flywaydb.org/documentation/learnmore/releaseNotes#8.5.11
2022-07-18 16:19:27,607 INFO org.flywaydb.core.internal.license.VersionPrinter [restartedMain] 
2022-07-18 16:19:27,612 INFO com.zaxxer.hikari.HikariDataSource [restartedMain] HikariPool-1 - Starting...
2022-07-18 16:19:27,928 INFO com.zaxxer.hikari.HikariDataSource [restartedMain] HikariPool-1 - Start completed.
2022-07-18 16:19:27,961 INFO org.flywaydb.core.internal.database.base.BaseDatabaseType [restartedMain] Database: jdbc:mysql://localhost:3306/oric (MySQL 8.0)
2022-07-18 16:19:28,029 INFO org.flywaydb.core.internal.command.DbValidate [restartedMain] Successfully validated 1 migration (execution time 00:00.029s)
2022-07-18 16:19:28,040 INFO org.flywaydb.core.internal.command.DbMigrate [restartedMain] Current version of schema `oric`: 1
2022-07-18 16:19:28,041 INFO org.flywaydb.core.internal.command.DbMigrate [restartedMain] Schema `oric` is up to date. No migration necessary.
2022-07-18 16:19:28,151 INFO org.hibernate.jpa.internal.util.LogHelper [restartedMain] HHH000204: Processing PersistenceUnitInfo [name: default]
2022-07-18 16:19:28,204 INFO org.hibernate.Version [restartedMain] HHH000412: Hibernate ORM core version 5.6.9.Final
2022-07-18 16:19:28,338 INFO org.hibernate.annotations.common.Version [restartedMain] HCANN000001: Hibernate Commons Annotations {5.1.2.Final}
2022-07-18 16:19:28,433 INFO org.hibernate.dialect.Dialect [restartedMain] HHH000400: Using dialect: org.hibernate.dialect.MySQL5Dialect
2022-07-18 16:19:29,618 INFO org.hibernate.engine.transaction.jta.platform.internal.JtaPlatformInitiator [restartedMain] HHH000490: Using JtaPlatform implementation: [org.hibernate.engine.transaction.jta.platform.internal.NoJtaPlatform]
2022-07-18 16:19:29,625 INFO org.springframework.orm.jpa.LocalContainerEntityManagerFactoryBean [restartedMain] Initialized JPA EntityManagerFactory for persistence unit 'default'
2022-07-18 16:19:30,451 WARN org.springframework.boot.autoconfigure.orm.jpa.JpaBaseConfiguration$JpaWebConfiguration [restartedMain] spring.jpa.open-in-view is enabled by default. Therefore, database queries may be performed during view rendering. Explicitly configure spring.jpa.open-in-view to disable this warning
2022-07-18 16:19:30,644 INFO org.springframework.boot.actuate.endpoint.web.EndpointLinksResolver [restartedMain] Exposing 1 endpoint(s) beneath base path '/actuator'
2022-07-18 16:19:30,675 INFO org.springframework.security.web.DefaultSecurityFilterChain [restartedMain] Will secure any request with [org.springframework.security.web.session.DisableEncodeUrlFilter@490da60, org.springframework.security.web.context.request.async.WebAsyncManagerIntegrationFilter@2132a6f3, org.springframework.security.web.context.SecurityContextPersistenceFilter@33982fdf, org.springframework.security.web.header.HeaderWriterFilter@263151c4, org.springframework.security.web.authentication.logout.LogoutFilter@6356a197, org.springframework.security.web.authentication.UsernamePasswordAuthenticationFilter@62a554fe, org.springframework.security.web.savedrequest.RequestCacheAwareFilter@5b234f05, org.springframework.security.web.servletapi.SecurityContextHolderAwareRequestFilter@4742aa5a, org.springframework.security.web.authentication.AnonymousAuthenticationFilter@3be58e65, org.springframework.security.web.session.SessionManagementFilter@64180d90, org.springframework.security.web.access.ExceptionTranslationFilter@69b7c141, org.springframework.security.web.access.intercept.AuthorizationFilter@7a799daf]
2022-07-18 16:19:30,915 WARN org.springframework.boot.autoconfigure.thymeleaf.ThymeleafAutoConfiguration$DefaultTemplateResolverConfiguration [restartedMain] Cannot find template location: classpath:/templates/ (please add some templates or check your Thymeleaf configuration)
2022-07-18 16:19:30,973 INFO org.springframework.boot.devtools.autoconfigure.OptionalLiveReloadServer [restartedMain] LiveReload server is running on port 35729
2022-07-18 16:19:31,023 INFO org.springframework.boot.web.embedded.tomcat.TomcatWebServer [restartedMain] Tomcat started on port(s): 8080 (http) with context path ''
2022-07-18 16:19:31,049 INFO pk.edu.iqra.oric.OricApplicationStarter [restartedMain] Started OricApplicationStarter in 5.681 seconds (JVM running for 11.576)
2022-07-18 16:19:37,464 INFO org.apache.catalina.core.ContainerBase.[Tomcat].[localhost].[/] [http-nio-8080-exec-1] Initializing Spring DispatcherServlet 'dispatcherServlet'
2022-07-18 16:19:37,465 INFO org.springframework.web.servlet.DispatcherServlet [http-nio-8080-exec-1] Initializing Servlet 'dispatcherServlet'
2022-07-18 16:19:37,466 INFO org.springframework.web.servlet.DispatcherServlet [http-nio-8080-exec-1] Completed initialization in 1 ms
2022-07-18 16:19:38,383 WARN org.springframework.web.servlet.PageNotFound [http-nio-8080-exec-8] No mapping for GET /favicon.ico
2022-07-18 16:20:13,330 WARN org.springframework.web.servlet.PageNotFound [http-nio-8080-exec-7] No mapping for GET /access_denied
