2022-08-12 09:12:19,792 INFO pk.edu.iqra.oric.OricApplicationStarter [restartedMain] Starting OricApplicationStarter using Java 18.0.1 on LAPTOP-90SPLKL0 with PID 16036 (C:\Users\Lenovo\IdeaProjects\oric\target\classes started by Lenovo in C:\Users\Lenovo\IdeaProjects\oric)
2022-08-12 09:12:19,800 INFO pk.edu.iqra.oric.OricApplicationStarter [restartedMain] No active profile set, falling back to 1 default profile: "default"
2022-08-12 09:12:19,843 INFO org.springframework.boot.devtools.env.DevToolsPropertyDefaultsPostProcessor [restartedMain] Devtools property defaults active! Set 'spring.devtools.add-properties' to 'false' to disable
2022-08-12 09:12:19,843 INFO org.springframework.boot.devtools.env.DevToolsPropertyDefaultsPostProcessor [restartedMain] For additional web related logging consider setting the 'logging.level.web' property to 'DEBUG'
2022-08-12 09:12:20,696 INFO org.springframework.data.repository.config.RepositoryConfigurationDelegate [restartedMain] Bootstrapping Spring Data JPA repositories in DEFAULT mode.
2022-08-12 09:12:20,825 INFO org.springframework.data.repository.config.RepositoryConfigurationDelegate [restartedMain] Finished Spring Data repository scanning in 121 ms. Found 27 JPA repository interfaces.
2022-08-12 09:12:21,371 INFO org.springframework.boot.web.embedded.tomcat.TomcatWebServer [restartedMain] Tomcat initialized with port(s): 8080 (http)
2022-08-12 09:12:21,379 INFO org.apache.catalina.core.StandardService [restartedMain] Starting service [Tomcat]
2022-08-12 09:12:21,380 INFO org.apache.catalina.core.StandardEngine [restartedMain] Starting Servlet engine: [Apache Tomcat/9.0.63]
2022-08-12 09:12:21,445 INFO org.apache.catalina.core.ContainerBase.[Tomcat].[localhost].[/] [restartedMain] Initializing Spring embedded WebApplicationContext
2022-08-12 09:12:21,445 INFO org.springframework.boot.web.servlet.context.ServletWebServerApplicationContext [restartedMain] Root WebApplicationContext: initialization completed in 1601 ms
2022-08-12 09:12:21,677 INFO org.flywaydb.core.internal.license.VersionPrinter [restartedMain] Flyway Community Edition 8.5.11 by Redgate
2022-08-12 09:12:21,678 INFO org.flywaydb.core.internal.license.VersionPrinter [restartedMain] See what's new here: https://flywaydb.org/documentation/learnmore/releaseNotes#8.5.11
2022-08-12 09:12:21,678 INFO org.flywaydb.core.internal.license.VersionPrinter [restartedMain] 
2022-08-12 09:12:21,684 INFO com.zaxxer.hikari.HikariDataSource [restartedMain] HikariPool-1 - Starting...
2022-08-12 09:12:21,978 INFO com.zaxxer.hikari.HikariDataSource [restartedMain] HikariPool-1 - Start completed.
2022-08-12 09:12:22,003 INFO org.flywaydb.core.internal.database.base.BaseDatabaseType [restartedMain] Database: jdbc:mysql://localhost:3306/oric (MySQL 8.0)
2022-08-12 09:12:22,048 INFO org.flywaydb.core.internal.command.DbValidate [restartedMain] Successfully validated 1 migration (execution time 00:00.020s)
2022-08-12 09:12:22,056 INFO org.flywaydb.core.internal.command.DbMigrate [restartedMain] Current version of schema `oric`: 1
2022-08-12 09:12:22,057 INFO org.flywaydb.core.internal.command.DbMigrate [restartedMain] Schema `oric` is up to date. No migration necessary.
2022-08-12 09:12:22,135 INFO org.hibernate.jpa.internal.util.LogHelper [restartedMain] HHH000204: Processing PersistenceUnitInfo [name: default]
2022-08-12 09:12:22,176 INFO org.hibernate.Version [restartedMain] HHH000412: Hibernate ORM core version 5.6.9.Final
2022-08-12 09:12:22,305 INFO org.hibernate.annotations.common.Version [restartedMain] HCANN000001: Hibernate Commons Annotations {5.1.2.Final}
2022-08-12 09:12:22,385 INFO org.hibernate.dialect.Dialect [restartedMain] HHH000400: Using dialect: org.hibernate.dialect.MySQL5Dialect
2022-08-12 09:12:23,716 INFO org.hibernate.engine.transaction.jta.platform.internal.JtaPlatformInitiator [restartedMain] HHH000490: Using JtaPlatform implementation: [org.hibernate.engine.transaction.jta.platform.internal.NoJtaPlatform]
2022-08-12 09:12:23,722 INFO org.springframework.orm.jpa.LocalContainerEntityManagerFactoryBean [restartedMain] Initialized JPA EntityManagerFactory for persistence unit 'default'
2022-08-12 09:12:24,453 WARN org.springframework.boot.autoconfigure.orm.jpa.JpaBaseConfiguration$JpaWebConfiguration [restartedMain] spring.jpa.open-in-view is enabled by default. Therefore, database queries may be performed during view rendering. Explicitly configure spring.jpa.open-in-view to disable this warning
2022-08-12 09:12:24,589 INFO org.springframework.boot.actuate.endpoint.web.EndpointLinksResolver [restartedMain] Exposing 1 endpoint(s) beneath base path '/actuator'
2022-08-12 09:12:24,618 INFO org.springframework.security.web.DefaultSecurityFilterChain [restartedMain] Will secure any request with [org.springframework.security.web.session.DisableEncodeUrlFilter@45b91a91, org.springframework.security.web.context.request.async.WebAsyncManagerIntegrationFilter@40b287a, org.springframework.security.web.context.SecurityContextPersistenceFilter@428b7e85, org.springframework.security.web.header.HeaderWriterFilter@7503d800, org.springframework.security.web.authentication.logout.LogoutFilter@a0533c7, org.springframework.security.web.authentication.UsernamePasswordAuthenticationFilter@3ad2e9fd, org.springframework.security.web.savedrequest.RequestCacheAwareFilter@66193113, org.springframework.security.web.servletapi.SecurityContextHolderAwareRequestFilter@56038c35, org.springframework.security.web.authentication.AnonymousAuthenticationFilter@6a14f959, org.springframework.security.web.session.SessionManagementFilter@44e303bd, org.springframework.security.web.access.ExceptionTranslationFilter@788b5425, org.springframework.security.web.access.intercept.AuthorizationFilter@3a309134]
2022-08-12 09:12:24,854 WARN org.springframework.boot.autoconfigure.thymeleaf.ThymeleafAutoConfiguration$DefaultTemplateResolverConfiguration [restartedMain] Cannot find template location: classpath:/templates/ (please add some templates or check your Thymeleaf configuration)
2022-08-12 09:12:24,902 INFO org.springframework.boot.devtools.autoconfigure.OptionalLiveReloadServer [restartedMain] LiveReload server is running on port 35729
2022-08-12 09:12:24,935 INFO org.springframework.boot.web.embedded.tomcat.TomcatWebServer [restartedMain] Tomcat started on port(s): 8080 (http) with context path ''
2022-08-12 09:12:24,949 INFO pk.edu.iqra.oric.OricApplicationStarter [restartedMain] Started OricApplicationStarter in 5.484 seconds (JVM running for 6.93)
2022-08-12 09:12:25,251 INFO org.apache.catalina.core.ContainerBase.[Tomcat].[localhost].[/] [RMI TCP Connection(1)-10.9.0.30] Initializing Spring DispatcherServlet 'dispatcherServlet'
2022-08-12 09:12:25,252 INFO org.springframework.web.servlet.DispatcherServlet [RMI TCP Connection(1)-10.9.0.30] Initializing Servlet 'dispatcherServlet'
2022-08-12 09:12:25,253 INFO org.springframework.web.servlet.DispatcherServlet [RMI TCP Connection(1)-10.9.0.30] Completed initialization in 1 ms
2022-08-12 09:13:22,812 WARN org.springframework.web.servlet.PageNotFound [http-nio-8080-exec-8] No mapping for GET /favicon.ico
2022-08-12 09:15:28,706 WARN org.springframework.web.servlet.PageNotFound [http-nio-8080-exec-7] No mapping for GET /favicon.ico
2022-08-12 09:23:08,657 WARN org.springframework.web.servlet.PageNotFound [http-nio-8080-exec-10] No mapping for GET /favicon.ico
2022-08-12 09:42:46,470 INFO org.springframework.orm.jpa.LocalContainerEntityManagerFactoryBean [Thread-5] Closing JPA EntityManagerFactory for persistence unit 'default'
2022-08-12 09:42:46,475 INFO com.zaxxer.hikari.HikariDataSource [Thread-5] HikariPool-1 - Shutdown initiated...
2022-08-12 09:42:46,485 INFO com.zaxxer.hikari.HikariDataSource [Thread-5] HikariPool-1 - Shutdown completed.
2022-08-12 09:42:46,630 INFO pk.edu.iqra.oric.OricApplicationStarter [restartedMain] Starting OricApplicationStarter using Java 18.0.1 on LAPTOP-90SPLKL0 with PID 16036 (C:\Users\Lenovo\IdeaProjects\oric\target\classes started by Lenovo in C:\Users\Lenovo\IdeaProjects\oric)
2022-08-12 09:42:46,630 INFO pk.edu.iqra.oric.OricApplicationStarter [restartedMain] No active profile set, falling back to 1 default profile: "default"
2022-08-12 09:42:47,019 INFO org.springframework.data.repository.config.RepositoryConfigurationDelegate [restartedMain] Bootstrapping Spring Data JPA repositories in DEFAULT mode.
2022-08-12 09:42:47,066 ERROR org.springframework.boot.SpringApplication [restartedMain] Application run failed
java.lang.TypeNotPresentException: Type pk.edu.iqra.oric.domain.Announcement not present
	at java.base/sun.reflect.generics.factory.CoreReflectionFactory.makeNamedType(CoreReflectionFactory.java:117)
	at java.base/sun.reflect.generics.visitor.Reifier.visitClassTypeSignature(Reifier.java:125)
	at java.base/sun.reflect.generics.tree.ClassTypeSignature.accept(ClassTypeSignature.java:49)
	at java.base/sun.reflect.generics.visitor.Reifier.reifyTypeArguments(Reifier.java:68)
	at java.base/sun.reflect.generics.visitor.Reifier.visitClassTypeSignature(Reifier.java:138)
	at java.base/sun.reflect.generics.tree.ClassTypeSignature.accept(ClassTypeSignature.java:49)
	at java.base/sun.reflect.generics.repository.ClassRepository.computeSuperInterfaces(ClassRepository.java:117)
	at java.base/sun.reflect.generics.repository.ClassRepository.getSuperInterfaces(ClassRepository.java:95)
	at java.base/java.lang.Class.getGenericInterfaces(Class.java:1243)
	at org.springframework.core.ResolvableType.getInterfaces(ResolvableType.java:502)
	at org.springframework.core.GenericTypeResolver.buildTypeVariableMap(GenericTypeResolver.java:271)
	at org.springframework.core.GenericTypeResolver.getTypeVariableMap(GenericTypeResolver.java:248)
	at org.springframework.data.util.ClassTypeInformation.getTypeVariableMap(ClassTypeInformation.java:120)
	at org.springframework.data.util.ClassTypeInformation.getTypeVariableMap(ClassTypeInformation.java:109)
	at org.springframework.data.util.ClassTypeInformation.<init>(ClassTypeInformation.java:96)
	at java.base/java.util.concurrent.ConcurrentMap.computeIfAbsent(ConcurrentMap.java:330)
	at org.springframework.data.util.ClassTypeInformation.from(ClassTypeInformation.java:73)
	at org.springframework.data.repository.core.support.AbstractRepositoryMetadata.<init>(AbstractRepositoryMetadata.java:63)
	at org.springframework.data.repository.core.support.DefaultRepositoryMetadata.<init>(DefaultRepositoryMetadata.java:50)
	at org.springframework.data.repository.core.support.AbstractRepositoryMetadata.getMetadata(AbstractRepositoryMetadata.java:78)
	at org.springframework.data.repository.config.RepositoryConfigurationExtensionSupport.getRepositoryConfigurations(RepositoryConfigurationExtensionSupport.java:103)
	at org.springframework.data.repository.config.RepositoryConfigurationDelegate.registerRepositoriesIn(RepositoryConfigurationDelegate.java:159)
	at org.springframework.boot.autoconfigure.data.AbstractRepositoryConfigurationSourceSupport.registerBeanDefinitions(AbstractRepositoryConfigurationSourceSupport.java:62)
	at org.springframework.context.annotation.ConfigurationClassBeanDefinitionReader.lambda$loadBeanDefinitionsFromRegistrars$1(ConfigurationClassBeanDefinitionReader.java:396)
	at java.base/java.util.LinkedHashMap.forEach(LinkedHashMap.java:721)
	at org.springframework.context.annotation.ConfigurationClassBeanDefinitionReader.loadBeanDefinitionsFromRegistrars(ConfigurationClassBeanDefinitionReader.java:395)
	at org.springframework.context.annotation.ConfigurationClassBeanDefinitionReader.loadBeanDefinitionsForConfigurationClass(ConfigurationClassBeanDefinitionReader.java:157)
	at org.springframework.context.annotation.ConfigurationClassBeanDefinitionReader.loadBeanDefinitions(ConfigurationClassBeanDefinitionReader.java:129)
	at org.springframework.context.annotation.ConfigurationClassPostProcessor.processConfigBeanDefinitions(ConfigurationClassPostProcessor.java:343)
	at org.springframework.context.annotation.ConfigurationClassPostProcessor.postProcessBeanDefinitionRegistry(ConfigurationClassPostProcessor.java:247)
	at org.springframework.context.support.PostProcessorRegistrationDelegate.invokeBeanDefinitionRegistryPostProcessors(PostProcessorRegistrationDelegate.java:311)
	at org.springframework.context.support.PostProcessorRegistrationDelegate.invokeBeanFactoryPostProcessors(PostProcessorRegistrationDelegate.java:112)
	at org.springframework.context.support.AbstractApplicationContext.invokeBeanFactoryPostProcessors(AbstractApplicationContext.java:746)
	at org.springframework.context.support.AbstractApplicationContext.refresh(AbstractApplicationContext.java:564)
	at org.springframework.boot.web.servlet.context.ServletWebServerApplicationContext.refresh(ServletWebServerApplicationContext.java:147)
	at org.springframework.boot.SpringApplication.refresh(SpringApplication.java:734)
	at org.springframework.boot.SpringApplication.refreshContext(SpringApplication.java:408)
	at org.springframework.boot.SpringApplication.run(SpringApplication.java:308)
	at org.springframework.boot.SpringApplication.run(SpringApplication.java:1306)
	at org.springframework.boot.SpringApplication.run(SpringApplication.java:1295)
	at pk.edu.iqra.oric.OricApplicationStarter.main(OricApplicationStarter.java:10)
	at java.base/jdk.internal.reflect.DirectMethodHandleAccessor.invoke(DirectMethodHandleAccessor.java:104)
	at java.base/java.lang.reflect.Method.invoke(Method.java:577)
	at org.springframework.boot.devtools.restart.RestartLauncher.run(RestartLauncher.java:49)
Caused by: java.lang.ClassNotFoundException: pk.edu.iqra.oric.domain.Announcement
	at java.base/jdk.internal.loader.BuiltinClassLoader.loadClass(BuiltinClassLoader.java:641)
	at java.base/jdk.internal.loader.ClassLoaders$AppClassLoader.loadClass(ClassLoaders.java:188)
	at java.base/java.lang.ClassLoader.loadClass(ClassLoader.java:521)
	at java.base/java.lang.Class.forName0(Native Method)
	at java.base/java.lang.Class.forName(Class.java:488)
	at java.base/java.lang.Class.forName(Class.java:467)
	at org.springframework.boot.devtools.restart.classloader.RestartClassLoader.loadClass(RestartClassLoader.java:145)
	at java.base/java.lang.ClassLoader.loadClass(ClassLoader.java:521)
	at java.base/java.lang.Class.forName0(Native Method)
	at java.base/java.lang.Class.forName(Class.java:488)
	at java.base/java.lang.Class.forName(Class.java:467)
	at java.base/sun.reflect.generics.factory.CoreReflectionFactory.makeNamedType(CoreReflectionFactory.java:114)
	... 43 common frames omitted
2022-08-12 09:43:55,712 INFO org.springframework.boot.devtools.env.DevToolsPropertyDefaultsPostProcessor [restartedMain] Devtools property defaults active! Set 'spring.devtools.add-properties' to 'false' to disable
2022-08-12 09:43:55,712 INFO org.springframework.boot.devtools.env.DevToolsPropertyDefaultsPostProcessor [restartedMain] For additional web related logging consider setting the 'logging.level.web' property to 'DEBUG'
2022-08-12 09:43:55,717 INFO pk.edu.iqra.oric.OricApplicationStarter [restartedMain] Starting OricApplicationStarter using Java 18.0.1 on LAPTOP-90SPLKL0 with PID 16036 (C:\Users\Lenovo\IdeaProjects\oric\target\classes started by Lenovo in C:\Users\Lenovo\IdeaProjects\oric)
2022-08-12 09:43:55,717 INFO pk.edu.iqra.oric.OricApplicationStarter [restartedMain] No active profile set, falling back to 1 default profile: "default"
2022-08-12 09:43:56,106 INFO org.springframework.data.repository.config.RepositoryConfigurationDelegate [restartedMain] Bootstrapping Spring Data JPA repositories in DEFAULT mode.
2022-08-12 09:43:56,200 INFO org.springframework.data.repository.config.RepositoryConfigurationDelegate [restartedMain] Finished Spring Data repository scanning in 93 ms. Found 27 JPA repository interfaces.
2022-08-12 09:43:56,302 INFO org.springframework.boot.web.embedded.tomcat.TomcatWebServer [restartedMain] Tomcat initialized with port(s): 8080 (http)
2022-08-12 09:43:56,303 INFO org.apache.catalina.core.StandardService [restartedMain] Starting service [Tomcat]
2022-08-12 09:43:56,303 INFO org.apache.catalina.core.StandardEngine [restartedMain] Starting Servlet engine: [Apache Tomcat/9.0.63]
2022-08-12 09:43:56,326 INFO org.apache.catalina.core.ContainerBase.[Tomcat].[localhost].[/] [restartedMain] Initializing Spring embedded WebApplicationContext
2022-08-12 09:43:56,326 INFO org.springframework.boot.web.servlet.context.ServletWebServerApplicationContext [restartedMain] Root WebApplicationContext: initialization completed in 606 ms
2022-08-12 09:43:56,400 INFO org.flywaydb.core.internal.license.VersionPrinter [restartedMain] Flyway Community Edition 8.5.11 by Redgate
2022-08-12 09:43:56,401 INFO org.flywaydb.core.internal.license.VersionPrinter [restartedMain] See what's new here: https://flywaydb.org/documentation/learnmore/releaseNotes#8.5.11
2022-08-12 09:43:56,401 INFO org.flywaydb.core.internal.license.VersionPrinter [restartedMain] 
2022-08-12 09:43:56,401 INFO com.zaxxer.hikari.HikariDataSource [restartedMain] HikariPool-2 - Starting...
2022-08-12 09:43:56,417 INFO com.zaxxer.hikari.HikariDataSource [restartedMain] HikariPool-2 - Start completed.
2022-08-12 09:43:56,418 INFO org.flywaydb.core.internal.database.base.BaseDatabaseType [restartedMain] Database: jdbc:mysql://localhost:3306/oric (MySQL 8.0)
2022-08-12 09:43:56,427 INFO org.flywaydb.core.internal.command.DbValidate [restartedMain] Successfully validated 1 migration (execution time 00:00.003s)
2022-08-12 09:43:56,432 INFO org.flywaydb.core.internal.command.DbMigrate [restartedMain] Current version of schema `oric`: 1
2022-08-12 09:43:56,432 INFO org.flywaydb.core.internal.command.DbMigrate [restartedMain] Schema `oric` is up to date. No migration necessary.
2022-08-12 09:43:56,459 INFO org.hibernate.jpa.internal.util.LogHelper [restartedMain] HHH000204: Processing PersistenceUnitInfo [name: default]
2022-08-12 09:43:56,466 INFO org.hibernate.dialect.Dialect [restartedMain] HHH000400: Using dialect: org.hibernate.dialect.MySQL5Dialect
2022-08-12 09:43:56,964 INFO org.hibernate.engine.transaction.jta.platform.internal.JtaPlatformInitiator [restartedMain] HHH000490: Using JtaPlatform implementation: [org.hibernate.engine.transaction.jta.platform.internal.NoJtaPlatform]
2022-08-12 09:43:56,964 INFO org.springframework.orm.jpa.LocalContainerEntityManagerFactoryBean [restartedMain] Initialized JPA EntityManagerFactory for persistence unit 'default'
2022-08-12 09:43:57,332 WARN org.springframework.boot.autoconfigure.orm.jpa.JpaBaseConfiguration$JpaWebConfiguration [restartedMain] spring.jpa.open-in-view is enabled by default. Therefore, database queries may be performed during view rendering. Explicitly configure spring.jpa.open-in-view to disable this warning
2022-08-12 09:43:57,391 INFO org.springframework.boot.actuate.endpoint.web.EndpointLinksResolver [restartedMain] Exposing 1 endpoint(s) beneath base path '/actuator'
2022-08-12 09:43:57,400 INFO org.springframework.security.web.DefaultSecurityFilterChain [restartedMain] Will secure any request with [org.springframework.security.web.session.DisableEncodeUrlFilter@6e2d6107, org.springframework.security.web.context.request.async.WebAsyncManagerIntegrationFilter@6ebe4fc3, org.springframework.security.web.context.SecurityContextPersistenceFilter@785848a0, org.springframework.security.web.header.HeaderWriterFilter@3871af6b, org.springframework.security.web.authentication.logout.LogoutFilter@240806d6, org.springframework.security.web.authentication.UsernamePasswordAuthenticationFilter@a77f829, org.springframework.security.web.savedrequest.RequestCacheAwareFilter@2aa77d13, org.springframework.security.web.servletapi.SecurityContextHolderAwareRequestFilter@1f9895db, org.springframework.security.web.authentication.AnonymousAuthenticationFilter@5e196834, org.springframework.security.web.session.SessionManagementFilter@3af77833, org.springframework.security.web.access.ExceptionTranslationFilter@71547f3f, org.springframework.security.web.access.intercept.AuthorizationFilter@6ebbc58d]
2022-08-12 09:43:57,494 WARN org.springframework.boot.autoconfigure.thymeleaf.ThymeleafAutoConfiguration$DefaultTemplateResolverConfiguration [restartedMain] Cannot find template location: classpath:/templates/ (please add some templates or check your Thymeleaf configuration)
2022-08-12 09:43:57,500 INFO org.springframework.boot.devtools.autoconfigure.OptionalLiveReloadServer [restartedMain] LiveReload server is running on port 35729
2022-08-12 09:43:57,520 INFO org.springframework.boot.web.embedded.tomcat.TomcatWebServer [restartedMain] Tomcat started on port(s): 8080 (http) with context path ''
2022-08-12 09:43:57,528 INFO pk.edu.iqra.oric.OricApplicationStarter [restartedMain] Started OricApplicationStarter in 1.83 seconds (JVM running for 1899.509)
2022-08-12 09:43:57,531 INFO org.springframework.boot.devtools.autoconfigure.ConditionEvaluationDeltaLoggingListener [restartedMain] Condition evaluation unchanged
2022-08-12 09:44:17,837 INFO org.springframework.orm.jpa.LocalContainerEntityManagerFactoryBean [Thread-7] Closing JPA EntityManagerFactory for persistence unit 'default'
2022-08-12 09:44:17,837 INFO com.zaxxer.hikari.HikariDataSource [Thread-7] HikariPool-2 - Shutdown initiated...
2022-08-12 09:44:17,844 INFO com.zaxxer.hikari.HikariDataSource [Thread-7] HikariPool-2 - Shutdown completed.
2022-08-12 09:44:17,974 INFO pk.edu.iqra.oric.OricApplicationStarter [restartedMain] Starting OricApplicationStarter using Java 18.0.1 on LAPTOP-90SPLKL0 with PID 16036 (C:\Users\Lenovo\IdeaProjects\oric\target\classes started by Lenovo in C:\Users\Lenovo\IdeaProjects\oric)
2022-08-12 09:44:17,975 INFO pk.edu.iqra.oric.OricApplicationStarter [restartedMain] No active profile set, falling back to 1 default profile: "default"
2022-08-12 09:44:18,401 INFO org.springframework.data.repository.config.RepositoryConfigurationDelegate [restartedMain] Bootstrapping Spring Data JPA repositories in DEFAULT mode.
2022-08-12 09:44:18,508 INFO org.springframework.data.repository.config.RepositoryConfigurationDelegate [restartedMain] Finished Spring Data repository scanning in 107 ms. Found 27 JPA repository interfaces.
2022-08-12 09:44:18,625 INFO org.springframework.boot.web.embedded.tomcat.TomcatWebServer [restartedMain] Tomcat initialized with port(s): 8080 (http)
2022-08-12 09:44:18,625 INFO org.apache.catalina.core.StandardService [restartedMain] Starting service [Tomcat]
2022-08-12 09:44:18,625 INFO org.apache.catalina.core.StandardEngine [restartedMain] Starting Servlet engine: [Apache Tomcat/9.0.63]
2022-08-12 09:44:18,646 INFO org.apache.catalina.core.ContainerBase.[Tomcat].[localhost].[/] [restartedMain] Initializing Spring embedded WebApplicationContext
2022-08-12 09:44:18,646 INFO org.springframework.boot.web.servlet.context.ServletWebServerApplicationContext [restartedMain] Root WebApplicationContext: initialization completed in 669 ms
2022-08-12 09:44:18,700 INFO org.flywaydb.core.internal.license.VersionPrinter [restartedMain] Flyway Community Edition 8.5.11 by Redgate
2022-08-12 09:44:18,700 INFO org.flywaydb.core.internal.license.VersionPrinter [restartedMain] See what's new here: https://flywaydb.org/documentation/learnmore/releaseNotes#8.5.11
2022-08-12 09:44:18,700 INFO org.flywaydb.core.internal.license.VersionPrinter [restartedMain] 
2022-08-12 09:44:18,700 INFO com.zaxxer.hikari.HikariDataSource [restartedMain] HikariPool-3 - Starting...
2022-08-12 09:44:18,711 INFO com.zaxxer.hikari.HikariDataSource [restartedMain] HikariPool-3 - Start completed.
2022-08-12 09:44:18,712 INFO org.flywaydb.core.internal.database.base.BaseDatabaseType [restartedMain] Database: jdbc:mysql://localhost:3306/oric (MySQL 8.0)
2022-08-12 09:44:18,718 INFO org.flywaydb.core.internal.command.DbValidate [restartedMain] Successfully validated 1 migration (execution time 00:00.002s)
2022-08-12 09:44:18,723 INFO org.flywaydb.core.internal.command.DbMigrate [restartedMain] Current version of schema `oric`: 1
2022-08-12 09:44:18,723 INFO org.flywaydb.core.internal.command.DbMigrate [restartedMain] Schema `oric` is up to date. No migration necessary.
2022-08-12 09:44:18,745 INFO org.hibernate.jpa.internal.util.LogHelper [restartedMain] HHH000204: Processing PersistenceUnitInfo [name: default]
2022-08-12 09:44:18,751 INFO org.hibernate.dialect.Dialect [restartedMain] HHH000400: Using dialect: org.hibernate.dialect.MySQL5Dialect
2022-08-12 09:44:19,134 INFO org.hibernate.engine.transaction.jta.platform.internal.JtaPlatformInitiator [restartedMain] HHH000490: Using JtaPlatform implementation: [org.hibernate.engine.transaction.jta.platform.internal.NoJtaPlatform]
2022-08-12 09:44:19,134 INFO org.springframework.orm.jpa.LocalContainerEntityManagerFactoryBean [restartedMain] Initialized JPA EntityManagerFactory for persistence unit 'default'
2022-08-12 09:44:19,409 WARN org.springframework.boot.web.servlet.context.AnnotationConfigServletWebServerApplicationContext [restartedMain] Exception encountered during context initialization - cancelling refresh attempt: org.springframework.beans.factory.BeanCreationException: Error creating bean with name 'announcements': Lookup method resolution failed; nested exception is java.lang.IllegalStateException: Failed to introspect Class [pk.edu.iqra.oric.service.impl.AnnouncementServiceImpl] from ClassLoader [org.springframework.boot.devtools.restart.classloader.RestartClassLoader@420c8f10]
2022-08-12 09:44:19,411 INFO org.springframework.orm.jpa.LocalContainerEntityManagerFactoryBean [restartedMain] Closing JPA EntityManagerFactory for persistence unit 'default'
2022-08-12 09:44:19,411 INFO com.zaxxer.hikari.HikariDataSource [restartedMain] HikariPool-3 - Shutdown initiated...
2022-08-12 09:44:19,418 INFO com.zaxxer.hikari.HikariDataSource [restartedMain] HikariPool-3 - Shutdown completed.
2022-08-12 09:44:19,419 INFO org.apache.catalina.core.StandardService [restartedMain] Stopping service [Tomcat]
2022-08-12 09:44:19,433 INFO org.springframework.boot.autoconfigure.logging.ConditionEvaluationReportLoggingListener [restartedMain] 

Error starting ApplicationContext. To display the conditions report re-run your application with 'debug' enabled.
2022-08-12 09:44:19,439 ERROR org.springframework.boot.SpringApplication [restartedMain] Application run failed
org.springframework.beans.factory.BeanCreationException: Error creating bean with name 'announcements': Lookup method resolution failed; nested exception is java.lang.IllegalStateException: Failed to introspect Class [pk.edu.iqra.oric.service.impl.AnnouncementServiceImpl] from ClassLoader [org.springframework.boot.devtools.restart.classloader.RestartClassLoader@420c8f10]
	at org.springframework.beans.factory.annotation.AutowiredAnnotationBeanPostProcessor.determineCandidateConstructors(AutowiredAnnotationBeanPostProcessor.java:289)
	at org.springframework.beans.factory.support.AbstractAutowireCapableBeanFactory.determineConstructorsFromBeanPostProcessors(AbstractAutowireCapableBeanFactory.java:1302)
	at org.springframework.beans.factory.support.AbstractAutowireCapableBeanFactory.createBeanInstance(AbstractAutowireCapableBeanFactory.java:1219)
	at org.springframework.beans.factory.support.AbstractAutowireCapableBeanFactory.doCreateBean(AbstractAutowireCapableBeanFactory.java:582)
	at org.springframework.beans.factory.support.AbstractAutowireCapableBeanFactory.createBean(AbstractAutowireCapableBeanFactory.java:542)
	at org.springframework.beans.factory.support.AbstractBeanFactory.lambda$doGetBean$0(AbstractBeanFactory.java:335)
	at org.springframework.beans.factory.support.DefaultSingletonBeanRegistry.getSingleton(DefaultSingletonBeanRegistry.java:234)
	at org.springframework.beans.factory.support.AbstractBeanFactory.doGetBean(AbstractBeanFactory.java:333)
	at org.springframework.beans.factory.support.AbstractBeanFactory.getBean(AbstractBeanFactory.java:208)
	at org.springframework.beans.factory.support.DefaultListableBeanFactory.preInstantiateSingletons(DefaultListableBeanFactory.java:953)
	at org.springframework.context.support.AbstractApplicationContext.finishBeanFactoryInitialization(AbstractApplicationContext.java:918)
	at org.springframework.context.support.AbstractApplicationContext.refresh(AbstractApplicationContext.java:583)
	at org.springframework.boot.web.servlet.context.ServletWebServerApplicationContext.refresh(ServletWebServerApplicationContext.java:147)
	at org.springframework.boot.SpringApplication.refresh(SpringApplication.java:734)
	at org.springframework.boot.SpringApplication.refreshContext(SpringApplication.java:408)
	at org.springframework.boot.SpringApplication.run(SpringApplication.java:308)
	at org.springframework.boot.SpringApplication.run(SpringApplication.java:1306)
	at org.springframework.boot.SpringApplication.run(SpringApplication.java:1295)
	at pk.edu.iqra.oric.OricApplicationStarter.main(OricApplicationStarter.java:10)
	at java.base/jdk.internal.reflect.DirectMethodHandleAccessor.invoke(DirectMethodHandleAccessor.java:104)
	at java.base/java.lang.reflect.Method.invoke(Method.java:577)
	at org.springframework.boot.devtools.restart.RestartLauncher.run(RestartLauncher.java:49)
Caused by: java.lang.IllegalStateException: Failed to introspect Class [pk.edu.iqra.oric.service.impl.AnnouncementServiceImpl] from ClassLoader [org.springframework.boot.devtools.restart.classloader.RestartClassLoader@420c8f10]
	at org.springframework.util.ReflectionUtils.getDeclaredMethods(ReflectionUtils.java:485)
	at org.springframework.util.ReflectionUtils.doWithLocalMethods(ReflectionUtils.java:321)
	at org.springframework.beans.factory.annotation.AutowiredAnnotationBeanPostProcessor.determineCandidateConstructors(AutowiredAnnotationBeanPostProcessor.java:267)
	... 21 common frames omitted
Caused by: java.lang.NoClassDefFoundError: pk/edu/iqra/oric/dto/AnnouncementDTO
	at java.base/java.lang.Class.getDeclaredMethods0(Native Method)
	at java.base/java.lang.Class.privateGetDeclaredMethods(Class.java:3434)
	at java.base/java.lang.Class.getDeclaredMethods(Class.java:2536)
	at org.springframework.util.ReflectionUtils.getDeclaredMethods(ReflectionUtils.java:467)
	... 23 common frames omitted
Caused by: java.lang.ClassNotFoundException: pk.edu.iqra.oric.dto.AnnouncementDTO
	at java.base/jdk.internal.loader.BuiltinClassLoader.loadClass(BuiltinClassLoader.java:641)
	at java.base/jdk.internal.loader.ClassLoaders$AppClassLoader.loadClass(ClassLoaders.java:188)
	at java.base/java.lang.ClassLoader.loadClass(ClassLoader.java:521)
	at java.base/java.lang.Class.forName0(Native Method)
	at java.base/java.lang.Class.forName(Class.java:488)
	at java.base/java.lang.Class.forName(Class.java:467)
	at org.springframework.boot.devtools.restart.classloader.RestartClassLoader.loadClass(RestartClassLoader.java:145)
	at java.base/java.lang.ClassLoader.loadClass(ClassLoader.java:521)
	... 27 common frames omitted
2022-08-12 09:44:52,348 INFO pk.edu.iqra.oric.OricApplicationStarter [restartedMain] Starting OricApplicationStarter using Java 18.0.1 on LAPTOP-90SPLKL0 with PID 16036 (C:\Users\Lenovo\IdeaProjects\oric\target\classes started by Lenovo in C:\Users\Lenovo\IdeaProjects\oric)
2022-08-12 09:44:52,348 INFO pk.edu.iqra.oric.OricApplicationStarter [restartedMain] No active profile set, falling back to 1 default profile: "default"
2022-08-12 09:44:52,788 INFO org.springframework.data.repository.config.RepositoryConfigurationDelegate [restartedMain] Bootstrapping Spring Data JPA repositories in DEFAULT mode.
2022-08-12 09:44:52,877 INFO org.springframework.data.repository.config.RepositoryConfigurationDelegate [restartedMain] Finished Spring Data repository scanning in 89 ms. Found 27 JPA repository interfaces.
2022-08-12 09:44:53,029 INFO org.springframework.boot.web.embedded.tomcat.TomcatWebServer [restartedMain] Tomcat initialized with port(s): 8080 (http)
2022-08-12 09:44:53,030 INFO org.apache.catalina.core.StandardService [restartedMain] Starting service [Tomcat]
2022-08-12 09:44:53,030 INFO org.apache.catalina.core.StandardEngine [restartedMain] Starting Servlet engine: [Apache Tomcat/9.0.63]
2022-08-12 09:44:53,054 INFO org.apache.catalina.core.ContainerBase.[Tomcat-1].[localhost].[/] [restartedMain] Initializing Spring embedded WebApplicationContext
2022-08-12 09:44:53,054 INFO org.springframework.boot.web.servlet.context.ServletWebServerApplicationContext [restartedMain] Root WebApplicationContext: initialization completed in 704 ms
2022-08-12 09:44:53,118 INFO org.flywaydb.core.internal.license.VersionPrinter [restartedMain] Flyway Community Edition 8.5.11 by Redgate
2022-08-12 09:44:53,118 INFO org.flywaydb.core.internal.license.VersionPrinter [restartedMain] See what's new here: https://flywaydb.org/documentation/learnmore/releaseNotes#8.5.11
2022-08-12 09:44:53,118 INFO org.flywaydb.core.internal.license.VersionPrinter [restartedMain] 
2022-08-12 09:44:53,118 INFO com.zaxxer.hikari.HikariDataSource [restartedMain] HikariPool-4 - Starting...
2022-08-12 09:44:53,130 INFO com.zaxxer.hikari.HikariDataSource [restartedMain] HikariPool-4 - Start completed.
2022-08-12 09:44:53,131 INFO org.flywaydb.core.internal.database.base.BaseDatabaseType [restartedMain] Database: jdbc:mysql://localhost:3306/oric (MySQL 8.0)
2022-08-12 09:44:53,142 INFO org.flywaydb.core.internal.command.DbValidate [restartedMain] Successfully validated 1 migration (execution time 00:00.004s)
2022-08-12 09:44:53,149 INFO org.flywaydb.core.internal.command.DbMigrate [restartedMain] Current version of schema `oric`: 1
2022-08-12 09:44:53,150 INFO org.flywaydb.core.internal.command.DbMigrate [restartedMain] Schema `oric` is up to date. No migration necessary.
2022-08-12 09:44:53,182 INFO org.hibernate.jpa.internal.util.LogHelper [restartedMain] HHH000204: Processing PersistenceUnitInfo [name: default]
2022-08-12 09:44:53,188 INFO org.hibernate.dialect.Dialect [restartedMain] HHH000400: Using dialect: org.hibernate.dialect.MySQL5Dialect
2022-08-12 09:44:53,679 INFO org.hibernate.engine.transaction.jta.platform.internal.JtaPlatformInitiator [restartedMain] HHH000490: Using JtaPlatform implementation: [org.hibernate.engine.transaction.jta.platform.internal.NoJtaPlatform]
2022-08-12 09:44:53,679 INFO org.springframework.orm.jpa.LocalContainerEntityManagerFactoryBean [restartedMain] Initialized JPA EntityManagerFactory for persistence unit 'default'
2022-08-12 09:44:54,009 WARN org.springframework.boot.autoconfigure.orm.jpa.JpaBaseConfiguration$JpaWebConfiguration [restartedMain] spring.jpa.open-in-view is enabled by default. Therefore, database queries may be performed during view rendering. Explicitly configure spring.jpa.open-in-view to disable this warning
2022-08-12 09:44:54,062 INFO org.springframework.boot.actuate.endpoint.web.EndpointLinksResolver [restartedMain] Exposing 1 endpoint(s) beneath base path '/actuator'
2022-08-12 09:44:54,069 INFO org.springframework.security.web.DefaultSecurityFilterChain [restartedMain] Will secure any request with [org.springframework.security.web.session.DisableEncodeUrlFilter@489a682a, org.springframework.security.web.context.request.async.WebAsyncManagerIntegrationFilter@1ddec172, org.springframework.security.web.context.SecurityContextPersistenceFilter@b1eabe6, org.springframework.security.web.header.HeaderWriterFilter@1e4a0a20, org.springframework.security.web.authentication.logout.LogoutFilter@2e109437, org.springframework.security.web.authentication.UsernamePasswordAuthenticationFilter@6281e961, org.springframework.security.web.savedrequest.RequestCacheAwareFilter@c541e59, org.springframework.security.web.servletapi.SecurityContextHolderAwareRequestFilter@42011ef9, org.springframework.security.web.authentication.AnonymousAuthenticationFilter@638e8d3e, org.springframework.security.web.session.SessionManagementFilter@774cbe08, org.springframework.security.web.access.ExceptionTranslationFilter@25444135, org.springframework.security.web.access.intercept.AuthorizationFilter@48a6c106]
2022-08-12 09:44:54,146 WARN org.springframework.boot.autoconfigure.thymeleaf.ThymeleafAutoConfiguration$DefaultTemplateResolverConfiguration [restartedMain] Cannot find template location: classpath:/templates/ (please add some templates or check your Thymeleaf configuration)
2022-08-12 09:44:54,151 INFO org.springframework.boot.devtools.autoconfigure.OptionalLiveReloadServer [restartedMain] LiveReload server is running on port 35729
2022-08-12 09:44:54,169 INFO org.springframework.boot.web.embedded.tomcat.TomcatWebServer [restartedMain] Tomcat started on port(s): 8080 (http) with context path ''
2022-08-12 09:44:54,177 INFO pk.edu.iqra.oric.OricApplicationStarter [restartedMain] Started OricApplicationStarter in 1.86 seconds (JVM running for 1956.157)
2022-08-12 09:44:54,178 INFO org.springframework.boot.devtools.autoconfigure.ConditionEvaluationDeltaLoggingListener [restartedMain] Condition evaluation unchanged
2022-08-12 09:45:03,023 INFO org.springframework.orm.jpa.LocalContainerEntityManagerFactoryBean [Thread-14] Closing JPA EntityManagerFactory for persistence unit 'default'
2022-08-12 09:45:03,025 INFO com.zaxxer.hikari.HikariDataSource [Thread-14] HikariPool-4 - Shutdown initiated...
2022-08-12 09:45:03,034 INFO com.zaxxer.hikari.HikariDataSource [Thread-14] HikariPool-4 - Shutdown completed.
2022-08-12 09:45:03,169 INFO pk.edu.iqra.oric.OricApplicationStarter [restartedMain] Starting OricApplicationStarter using Java 18.0.1 on LAPTOP-90SPLKL0 with PID 16036 (C:\Users\Lenovo\IdeaProjects\oric\target\classes started by Lenovo in C:\Users\Lenovo\IdeaProjects\oric)
2022-08-12 09:45:03,169 INFO pk.edu.iqra.oric.OricApplicationStarter [restartedMain] No active profile set, falling back to 1 default profile: "default"
2022-08-12 09:45:03,698 INFO org.springframework.data.repository.config.RepositoryConfigurationDelegate [restartedMain] Bootstrapping Spring Data JPA repositories in DEFAULT mode.
2022-08-12 09:45:03,813 INFO org.springframework.data.repository.config.RepositoryConfigurationDelegate [restartedMain] Finished Spring Data repository scanning in 114 ms. Found 27 JPA repository interfaces.
2022-08-12 09:45:03,900 INFO org.springframework.boot.web.embedded.tomcat.TomcatWebServer [restartedMain] Tomcat initialized with port(s): 8080 (http)
2022-08-12 09:45:03,900 INFO org.apache.catalina.core.StandardService [restartedMain] Starting service [Tomcat]
2022-08-12 09:45:03,900 INFO org.apache.catalina.core.StandardEngine [restartedMain] Starting Servlet engine: [Apache Tomcat/9.0.63]
2022-08-12 09:45:03,923 INFO org.apache.catalina.core.ContainerBase.[Tomcat-1].[localhost].[/] [restartedMain] Initializing Spring embedded WebApplicationContext
2022-08-12 09:45:03,923 INFO org.springframework.boot.web.servlet.context.ServletWebServerApplicationContext [restartedMain] Root WebApplicationContext: initialization completed in 750 ms
2022-08-12 09:45:03,989 INFO org.flywaydb.core.internal.license.VersionPrinter [restartedMain] Flyway Community Edition 8.5.11 by Redgate
2022-08-12 09:45:03,990 INFO org.flywaydb.core.internal.license.VersionPrinter [restartedMain] See what's new here: https://flywaydb.org/documentation/learnmore/releaseNotes#8.5.11
2022-08-12 09:45:03,990 INFO org.flywaydb.core.internal.license.VersionPrinter [restartedMain] 
2022-08-12 09:45:03,991 INFO com.zaxxer.hikari.HikariDataSource [restartedMain] HikariPool-5 - Starting...
2022-08-12 09:45:04,004 INFO com.zaxxer.hikari.HikariDataSource [restartedMain] HikariPool-5 - Start completed.
2022-08-12 09:45:04,005 INFO org.flywaydb.core.internal.database.base.BaseDatabaseType [restartedMain] Database: jdbc:mysql://localhost:3306/oric (MySQL 8.0)
2022-08-12 09:45:04,015 INFO org.flywaydb.core.internal.command.DbValidate [restartedMain] Successfully validated 1 migration (execution time 00:00.004s)
2022-08-12 09:45:04,021 INFO org.flywaydb.core.internal.command.DbMigrate [restartedMain] Current version of schema `oric`: 1
2022-08-12 09:45:04,021 INFO org.flywaydb.core.internal.command.DbMigrate [restartedMain] Schema `oric` is up to date. No migration necessary.
2022-08-12 09:45:04,048 INFO org.hibernate.jpa.internal.util.LogHelper [restartedMain] HHH000204: Processing PersistenceUnitInfo [name: default]
2022-08-12 09:45:04,056 INFO org.hibernate.dialect.Dialect [restartedMain] HHH000400: Using dialect: org.hibernate.dialect.MySQL5Dialect
2022-08-12 09:45:04,509 INFO org.hibernate.engine.transaction.jta.platform.internal.JtaPlatformInitiator [restartedMain] HHH000490: Using JtaPlatform implementation: [org.hibernate.engine.transaction.jta.platform.internal.NoJtaPlatform]
2022-08-12 09:45:04,509 INFO org.springframework.orm.jpa.LocalContainerEntityManagerFactoryBean [restartedMain] Initialized JPA EntityManagerFactory for persistence unit 'default'
2022-08-12 09:45:04,865 WARN org.springframework.boot.autoconfigure.orm.jpa.JpaBaseConfiguration$JpaWebConfiguration [restartedMain] spring.jpa.open-in-view is enabled by default. Therefore, database queries may be performed during view rendering. Explicitly configure spring.jpa.open-in-view to disable this warning
2022-08-12 09:45:04,933 INFO org.springframework.boot.actuate.endpoint.web.EndpointLinksResolver [restartedMain] Exposing 1 endpoint(s) beneath base path '/actuator'
2022-08-12 09:45:04,942 INFO org.springframework.security.web.DefaultSecurityFilterChain [restartedMain] Will secure any request with [org.springframework.security.web.session.DisableEncodeUrlFilter@76e1d4e7, org.springframework.security.web.context.request.async.WebAsyncManagerIntegrationFilter@3e2d358d, org.springframework.security.web.context.SecurityContextPersistenceFilter@3420e71f, org.springframework.security.web.header.HeaderWriterFilter@5f94573d, org.springframework.security.web.authentication.logout.LogoutFilter@64f8bb45, org.springframework.security.web.authentication.UsernamePasswordAuthenticationFilter@57626fdd, org.springframework.security.web.savedrequest.RequestCacheAwareFilter@baa728d, org.springframework.security.web.servletapi.SecurityContextHolderAwareRequestFilter@76fae17a, org.springframework.security.web.authentication.AnonymousAuthenticationFilter@51a8a421, org.springframework.security.web.session.SessionManagementFilter@3142094b, org.springframework.security.web.access.ExceptionTranslationFilter@1a84a630, org.springframework.security.web.access.intercept.AuthorizationFilter@1dce5495]
2022-08-12 09:45:05,028 WARN org.springframework.boot.autoconfigure.thymeleaf.ThymeleafAutoConfiguration$DefaultTemplateResolverConfiguration [restartedMain] Cannot find template location: classpath:/templates/ (please add some templates or check your Thymeleaf configuration)
2022-08-12 09:45:05,035 INFO org.springframework.boot.devtools.autoconfigure.OptionalLiveReloadServer [restartedMain] LiveReload server is running on port 35729
2022-08-12 09:45:05,051 INFO org.springframework.boot.web.embedded.tomcat.TomcatWebServer [restartedMain] Tomcat started on port(s): 8080 (http) with context path ''
2022-08-12 09:45:05,059 INFO pk.edu.iqra.oric.OricApplicationStarter [restartedMain] Started OricApplicationStarter in 1.932 seconds (JVM running for 1967.039)
2022-08-12 09:45:05,061 INFO org.springframework.boot.devtools.autoconfigure.ConditionEvaluationDeltaLoggingListener [restartedMain] Condition evaluation unchanged
2022-08-12 09:45:06,577 INFO org.springframework.orm.jpa.LocalContainerEntityManagerFactoryBean [Thread-21] Closing JPA EntityManagerFactory for persistence unit 'default'
2022-08-12 09:45:06,578 INFO com.zaxxer.hikari.HikariDataSource [Thread-21] HikariPool-5 - Shutdown initiated...
2022-08-12 09:45:06,583 INFO com.zaxxer.hikari.HikariDataSource [Thread-21] HikariPool-5 - Shutdown completed.
2022-08-12 09:45:06,682 INFO pk.edu.iqra.oric.OricApplicationStarter [restartedMain] Starting OricApplicationStarter using Java 18.0.1 on LAPTOP-90SPLKL0 with PID 16036 (C:\Users\Lenovo\IdeaProjects\oric\target\classes started by Lenovo in C:\Users\Lenovo\IdeaProjects\oric)
2022-08-12 09:45:06,682 INFO pk.edu.iqra.oric.OricApplicationStarter [restartedMain] No active profile set, falling back to 1 default profile: "default"
2022-08-12 09:45:06,963 INFO org.springframework.data.repository.config.RepositoryConfigurationDelegate [restartedMain] Bootstrapping Spring Data JPA repositories in DEFAULT mode.
2022-08-12 09:45:07,044 INFO org.springframework.data.repository.config.RepositoryConfigurationDelegate [restartedMain] Finished Spring Data repository scanning in 80 ms. Found 27 JPA repository interfaces.
2022-08-12 09:45:07,117 INFO org.springframework.boot.web.embedded.tomcat.TomcatWebServer [restartedMain] Tomcat initialized with port(s): 8080 (http)
2022-08-12 09:45:07,117 INFO org.apache.catalina.core.StandardService [restartedMain] Starting service [Tomcat]
2022-08-12 09:45:07,118 INFO org.apache.catalina.core.StandardEngine [restartedMain] Starting Servlet engine: [Apache Tomcat/9.0.63]
2022-08-12 09:45:07,137 INFO org.apache.catalina.core.ContainerBase.[Tomcat-1].[localhost].[/] [restartedMain] Initializing Spring embedded WebApplicationContext
2022-08-12 09:45:07,137 INFO org.springframework.boot.web.servlet.context.ServletWebServerApplicationContext [restartedMain] Root WebApplicationContext: initialization completed in 453 ms
2022-08-12 09:45:07,188 INFO org.flywaydb.core.internal.license.VersionPrinter [restartedMain] Flyway Community Edition 8.5.11 by Redgate
2022-08-12 09:45:07,189 INFO org.flywaydb.core.internal.license.VersionPrinter [restartedMain] See what's new here: https://flywaydb.org/documentation/learnmore/releaseNotes#8.5.11
2022-08-12 09:45:07,189 INFO org.flywaydb.core.internal.license.VersionPrinter [restartedMain] 
2022-08-12 09:45:07,189 INFO com.zaxxer.hikari.HikariDataSource [restartedMain] HikariPool-6 - Starting...
2022-08-12 09:45:07,198 INFO com.zaxxer.hikari.HikariDataSource [restartedMain] HikariPool-6 - Start completed.
2022-08-12 09:45:07,199 INFO org.flywaydb.core.internal.database.base.BaseDatabaseType [restartedMain] Database: jdbc:mysql://localhost:3306/oric (MySQL 8.0)
2022-08-12 09:45:07,206 INFO org.flywaydb.core.internal.command.DbValidate [restartedMain] Successfully validated 1 migration (execution time 00:00.002s)
2022-08-12 09:45:07,210 INFO org.flywaydb.core.internal.command.DbMigrate [restartedMain] Current version of schema `oric`: 1
2022-08-12 09:45:07,211 INFO org.flywaydb.core.internal.command.DbMigrate [restartedMain] Schema `oric` is up to date. No migration necessary.
2022-08-12 09:45:07,231 INFO org.hibernate.jpa.internal.util.LogHelper [restartedMain] HHH000204: Processing PersistenceUnitInfo [name: default]
2022-08-12 09:45:07,236 INFO org.hibernate.dialect.Dialect [restartedMain] HHH000400: Using dialect: org.hibernate.dialect.MySQL5Dialect
2022-08-12 09:45:07,621 INFO org.hibernate.engine.transaction.jta.platform.internal.JtaPlatformInitiator [restartedMain] HHH000490: Using JtaPlatform implementation: [org.hibernate.engine.transaction.jta.platform.internal.NoJtaPlatform]
2022-08-12 09:45:07,621 INFO org.springframework.orm.jpa.LocalContainerEntityManagerFactoryBean [restartedMain] Initialized JPA EntityManagerFactory for persistence unit 'default'
2022-08-12 09:45:07,900 WARN org.springframework.boot.autoconfigure.orm.jpa.JpaBaseConfiguration$JpaWebConfiguration [restartedMain] spring.jpa.open-in-view is enabled by default. Therefore, database queries may be performed during view rendering. Explicitly configure spring.jpa.open-in-view to disable this warning
2022-08-12 09:45:07,946 INFO org.springframework.boot.actuate.endpoint.web.EndpointLinksResolver [restartedMain] Exposing 1 endpoint(s) beneath base path '/actuator'
2022-08-12 09:45:07,954 INFO org.springframework.security.web.DefaultSecurityFilterChain [restartedMain] Will secure any request with [org.springframework.security.web.session.DisableEncodeUrlFilter@3cec6776, org.springframework.security.web.context.request.async.WebAsyncManagerIntegrationFilter@60c8885d, org.springframework.security.web.context.SecurityContextPersistenceFilter@57aabc37, org.springframework.security.web.header.HeaderWriterFilter@7944a5b5, org.springframework.security.web.authentication.logout.LogoutFilter@33db990, org.springframework.security.web.authentication.UsernamePasswordAuthenticationFilter@5273b591, org.springframework.security.web.savedrequest.RequestCacheAwareFilter@4f2fbbaa, org.springframework.security.web.servletapi.SecurityContextHolderAwareRequestFilter@139ac6f7, org.springframework.security.web.authentication.AnonymousAuthenticationFilter@3faa5cb1, org.springframework.security.web.session.SessionManagementFilter@654ee657, org.springframework.security.web.access.ExceptionTranslationFilter@6e9ed078, org.springframework.security.web.access.intercept.AuthorizationFilter@74156510]
2022-08-12 09:45:08,021 WARN org.springframework.boot.autoconfigure.thymeleaf.ThymeleafAutoConfiguration$DefaultTemplateResolverConfiguration [restartedMain] Cannot find template location: classpath:/templates/ (please add some templates or check your Thymeleaf configuration)
2022-08-12 09:45:08,025 INFO org.springframework.boot.devtools.autoconfigure.OptionalLiveReloadServer [restartedMain] LiveReload server is running on port 35729
2022-08-12 09:45:08,037 INFO org.springframework.boot.web.embedded.tomcat.TomcatWebServer [restartedMain] Tomcat started on port(s): 8080 (http) with context path ''
2022-08-12 09:45:08,044 INFO pk.edu.iqra.oric.OricApplicationStarter [restartedMain] Started OricApplicationStarter in 1.385 seconds (JVM running for 1970.024)
2022-08-12 09:45:08,046 INFO org.springframework.boot.devtools.autoconfigure.ConditionEvaluationDeltaLoggingListener [restartedMain] Condition evaluation unchanged
2022-08-12 09:52:16,307 INFO org.apache.catalina.core.ContainerBase.[Tomcat-1].[localhost].[/] [http-nio-8080-exec-1] Initializing Spring DispatcherServlet 'dispatcherServlet'
2022-08-12 09:52:16,308 INFO org.springframework.web.servlet.DispatcherServlet [http-nio-8080-exec-1] Initializing Servlet 'dispatcherServlet'
2022-08-12 09:52:16,310 INFO org.springframework.web.servlet.DispatcherServlet [http-nio-8080-exec-1] Completed initialization in 2 ms
2022-08-12 10:55:45,892 WARN com.zaxxer.hikari.pool.HikariPool [HikariPool-6 housekeeper] HikariPool-6 - Thread starvation or clock leap detected (housekeeper delta=1m37s367ms901s99ns).
2022-08-12 11:38:14,557 WARN com.zaxxer.hikari.pool.HikariPool [HikariPool-6 housekeeper] HikariPool-6 - Thread starvation or clock leap detected (housekeeper delta=13m58s262ms94s200ns).
2022-08-12 11:55:52,321 INFO org.springframework.orm.jpa.LocalContainerEntityManagerFactoryBean [Thread-25] Closing JPA EntityManagerFactory for persistence unit 'default'
2022-08-12 11:55:52,322 INFO com.zaxxer.hikari.HikariDataSource [Thread-25] HikariPool-6 - Shutdown initiated...
2022-08-12 11:55:52,328 INFO com.zaxxer.hikari.HikariDataSource [Thread-25] HikariPool-6 - Shutdown completed.
2022-08-12 11:55:52,459 INFO pk.edu.iqra.oric.OricApplicationStarter [restartedMain] Starting OricApplicationStarter using Java 18.0.1 on LAPTOP-90SPLKL0 with PID 16036 (C:\Users\Lenovo\IdeaProjects\oric\target\classes started by Lenovo in C:\Users\Lenovo\IdeaProjects\oric)
2022-08-12 11:55:52,459 INFO pk.edu.iqra.oric.OricApplicationStarter [restartedMain] No active profile set, falling back to 1 default profile: "default"
2022-08-12 11:55:52,910 INFO org.springframework.data.repository.config.RepositoryConfigurationDelegate [restartedMain] Bootstrapping Spring Data JPA repositories in DEFAULT mode.
2022-08-12 11:55:52,938 ERROR org.springframework.boot.SpringApplication [restartedMain] Application run failed
java.lang.TypeNotPresentException: Type pk.edu.iqra.oric.domain.AgreementCollaboration not present
	at java.base/sun.reflect.generics.factory.CoreReflectionFactory.makeNamedType(CoreReflectionFactory.java:117)
	at java.base/sun.reflect.generics.visitor.Reifier.visitClassTypeSignature(Reifier.java:125)
	at java.base/sun.reflect.generics.tree.ClassTypeSignature.accept(ClassTypeSignature.java:49)
	at java.base/sun.reflect.generics.visitor.Reifier.reifyTypeArguments(Reifier.java:68)
	at java.base/sun.reflect.generics.visitor.Reifier.visitClassTypeSignature(Reifier.java:138)
	at java.base/sun.reflect.generics.tree.ClassTypeSignature.accept(ClassTypeSignature.java:49)
	at java.base/sun.reflect.generics.repository.ClassRepository.computeSuperInterfaces(ClassRepository.java:117)
	at java.base/sun.reflect.generics.repository.ClassRepository.getSuperInterfaces(ClassRepository.java:95)
	at java.base/java.lang.Class.getGenericInterfaces(Class.java:1243)
	at org.springframework.core.ResolvableType.getInterfaces(ResolvableType.java:502)
	at org.springframework.core.GenericTypeResolver.buildTypeVariableMap(GenericTypeResolver.java:271)
	at org.springframework.core.GenericTypeResolver.getTypeVariableMap(GenericTypeResolver.java:248)
	at org.springframework.data.util.ClassTypeInformation.getTypeVariableMap(ClassTypeInformation.java:120)
	at org.springframework.data.util.ClassTypeInformation.getTypeVariableMap(ClassTypeInformation.java:109)
	at org.springframework.data.util.ClassTypeInformation.<init>(ClassTypeInformation.java:96)
	at java.base/java.util.concurrent.ConcurrentMap.computeIfAbsent(ConcurrentMap.java:330)
	at org.springframework.data.util.ClassTypeInformation.from(ClassTypeInformation.java:73)
	at org.springframework.data.repository.core.support.AbstractRepositoryMetadata.<init>(AbstractRepositoryMetadata.java:63)
	at org.springframework.data.repository.core.support.DefaultRepositoryMetadata.<init>(DefaultRepositoryMetadata.java:50)
	at org.springframework.data.repository.core.support.AbstractRepositoryMetadata.getMetadata(AbstractRepositoryMetadata.java:78)
	at org.springframework.data.repository.config.RepositoryConfigurationExtensionSupport.getRepositoryConfigurations(RepositoryConfigurationExtensionSupport.java:103)
	at org.springframework.data.repository.config.RepositoryConfigurationDelegate.registerRepositoriesIn(RepositoryConfigurationDelegate.java:159)
	at org.springframework.boot.autoconfigure.data.AbstractRepositoryConfigurationSourceSupport.registerBeanDefinitions(AbstractRepositoryConfigurationSourceSupport.java:62)
	at org.springframework.context.annotation.ConfigurationClassBeanDefinitionReader.lambda$loadBeanDefinitionsFromRegistrars$1(ConfigurationClassBeanDefinitionReader.java:396)
	at java.base/java.util.LinkedHashMap.forEach(LinkedHashMap.java:721)
	at org.springframework.context.annotation.ConfigurationClassBeanDefinitionReader.loadBeanDefinitionsFromRegistrars(ConfigurationClassBeanDefinitionReader.java:395)
	at org.springframework.context.annotation.ConfigurationClassBeanDefinitionReader.loadBeanDefinitionsForConfigurationClass(ConfigurationClassBeanDefinitionReader.java:157)
	at org.springframework.context.annotation.ConfigurationClassBeanDefinitionReader.loadBeanDefinitions(ConfigurationClassBeanDefinitionReader.java:129)
	at org.springframework.context.annotation.ConfigurationClassPostProcessor.processConfigBeanDefinitions(ConfigurationClassPostProcessor.java:343)
	at org.springframework.context.annotation.ConfigurationClassPostProcessor.postProcessBeanDefinitionRegistry(ConfigurationClassPostProcessor.java:247)
	at org.springframework.context.support.PostProcessorRegistrationDelegate.invokeBeanDefinitionRegistryPostProcessors(PostProcessorRegistrationDelegate.java:311)
	at org.springframework.context.support.PostProcessorRegistrationDelegate.invokeBeanFactoryPostProcessors(PostProcessorRegistrationDelegate.java:112)
	at org.springframework.context.support.AbstractApplicationContext.invokeBeanFactoryPostProcessors(AbstractApplicationContext.java:746)
	at org.springframework.context.support.AbstractApplicationContext.refresh(AbstractApplicationContext.java:564)
	at org.springframework.boot.web.servlet.context.ServletWebServerApplicationContext.refresh(ServletWebServerApplicationContext.java:147)
	at org.springframework.boot.SpringApplication.refresh(SpringApplication.java:734)
	at org.springframework.boot.SpringApplication.refreshContext(SpringApplication.java:408)
	at org.springframework.boot.SpringApplication.run(SpringApplication.java:308)
	at org.springframework.boot.SpringApplication.run(SpringApplication.java:1306)
	at org.springframework.boot.SpringApplication.run(SpringApplication.java:1295)
	at pk.edu.iqra.oric.OricApplicationStarter.main(OricApplicationStarter.java:10)
	at java.base/jdk.internal.reflect.DirectMethodHandleAccessor.invoke(DirectMethodHandleAccessor.java:104)
	at java.base/java.lang.reflect.Method.invoke(Method.java:577)
	at org.springframework.boot.devtools.restart.RestartLauncher.run(RestartLauncher.java:49)
Caused by: java.lang.ClassNotFoundException: pk.edu.iqra.oric.domain.AgreementCollaboration
	at java.base/jdk.internal.loader.BuiltinClassLoader.loadClass(BuiltinClassLoader.java:641)
	at java.base/jdk.internal.loader.ClassLoaders$AppClassLoader.loadClass(ClassLoaders.java:188)
	at java.base/java.lang.ClassLoader.loadClass(ClassLoader.java:521)
	at java.base/java.lang.Class.forName0(Native Method)
	at java.base/java.lang.Class.forName(Class.java:488)
	at java.base/java.lang.Class.forName(Class.java:467)
	at org.springframework.boot.devtools.restart.classloader.RestartClassLoader.loadClass(RestartClassLoader.java:145)
	at java.base/java.lang.ClassLoader.loadClass(ClassLoader.java:521)
	at java.base/java.lang.Class.forName0(Native Method)
	at java.base/java.lang.Class.forName(Class.java:488)
	at java.base/java.lang.Class.forName(Class.java:467)
	at java.base/sun.reflect.generics.factory.CoreReflectionFactory.makeNamedType(CoreReflectionFactory.java:114)
	... 43 common frames omitted
2022-08-12 11:55:54,472 INFO org.springframework.boot.devtools.env.DevToolsPropertyDefaultsPostProcessor [restartedMain] Devtools property defaults active! Set 'spring.devtools.add-properties' to 'false' to disable
2022-08-12 11:55:54,472 INFO org.springframework.boot.devtools.env.DevToolsPropertyDefaultsPostProcessor [restartedMain] For additional web related logging consider setting the 'logging.level.web' property to 'DEBUG'
2022-08-12 11:55:54,477 INFO pk.edu.iqra.oric.OricApplicationStarter [restartedMain] Starting OricApplicationStarter using Java 18.0.1 on LAPTOP-90SPLKL0 with PID 16036 (C:\Users\Lenovo\IdeaProjects\oric\target\classes started by Lenovo in C:\Users\Lenovo\IdeaProjects\oric)
2022-08-12 11:55:54,478 INFO pk.edu.iqra.oric.OricApplicationStarter [restartedMain] No active profile set, falling back to 1 default profile: "default"
2022-08-12 11:55:54,934 INFO org.springframework.data.repository.config.RepositoryConfigurationDelegate [restartedMain] Bootstrapping Spring Data JPA repositories in DEFAULT mode.
2022-08-12 11:55:55,022 INFO org.springframework.data.repository.config.RepositoryConfigurationDelegate [restartedMain] Finished Spring Data repository scanning in 87 ms. Found 27 JPA repository interfaces.
2022-08-12 11:55:55,114 INFO org.springframework.boot.web.embedded.tomcat.TomcatWebServer [restartedMain] Tomcat initialized with port(s): 8080 (http)
2022-08-12 11:55:55,115 INFO org.apache.catalina.core.StandardService [restartedMain] Starting service [Tomcat]
2022-08-12 11:55:55,115 INFO org.apache.catalina.core.StandardEngine [restartedMain] Starting Servlet engine: [Apache Tomcat/9.0.63]
2022-08-12 11:55:55,135 INFO org.apache.catalina.core.ContainerBase.[Tomcat-1].[localhost].[/] [restartedMain] Initializing Spring embedded WebApplicationContext
2022-08-12 11:55:55,135 INFO org.springframework.boot.web.servlet.context.ServletWebServerApplicationContext [restartedMain] Root WebApplicationContext: initialization completed in 655 ms
2022-08-12 11:55:55,212 INFO org.flywaydb.core.internal.license.VersionPrinter [restartedMain] Flyway Community Edition 8.5.11 by Redgate
2022-08-12 11:55:55,212 INFO org.flywaydb.core.internal.license.VersionPrinter [restartedMain] See what's new here: https://flywaydb.org/documentation/learnmore/releaseNotes#8.5.11
2022-08-12 11:55:55,212 INFO org.flywaydb.core.internal.license.VersionPrinter [restartedMain] 
2022-08-12 11:55:55,213 INFO com.zaxxer.hikari.HikariDataSource [restartedMain] HikariPool-7 - Starting...
2022-08-12 11:55:55,244 INFO com.zaxxer.hikari.HikariDataSource [restartedMain] HikariPool-7 - Start completed.
2022-08-12 11:55:55,245 INFO org.flywaydb.core.internal.database.base.BaseDatabaseType [restartedMain] Database: jdbc:mysql://localhost:3306/oric (MySQL 8.0)
2022-08-12 11:55:55,256 INFO org.flywaydb.core.internal.command.DbValidate [restartedMain] Successfully validated 1 migration (execution time 00:00.004s)
2022-08-12 11:55:55,260 INFO org.flywaydb.core.internal.command.DbMigrate [restartedMain] Current version of schema `oric`: 1
2022-08-12 11:55:55,261 INFO org.flywaydb.core.internal.command.DbMigrate [restartedMain] Schema `oric` is up to date. No migration necessary.
2022-08-12 11:55:55,287 INFO org.hibernate.jpa.internal.util.LogHelper [restartedMain] HHH000204: Processing PersistenceUnitInfo [name: default]
2022-08-12 11:55:55,294 INFO org.hibernate.dialect.Dialect [restartedMain] HHH000400: Using dialect: org.hibernate.dialect.MySQL5Dialect
2022-08-12 11:55:55,890 INFO org.hibernate.engine.transaction.jta.platform.internal.JtaPlatformInitiator [restartedMain] HHH000490: Using JtaPlatform implementation: [org.hibernate.engine.transaction.jta.platform.internal.NoJtaPlatform]
2022-08-12 11:55:55,890 INFO org.springframework.orm.jpa.LocalContainerEntityManagerFactoryBean [restartedMain] Initialized JPA EntityManagerFactory for persistence unit 'default'
2022-08-12 11:55:56,265 WARN org.springframework.boot.autoconfigure.orm.jpa.JpaBaseConfiguration$JpaWebConfiguration [restartedMain] spring.jpa.open-in-view is enabled by default. Therefore, database queries may be performed during view rendering. Explicitly configure spring.jpa.open-in-view to disable this warning
2022-08-12 11:55:56,337 INFO org.springframework.boot.actuate.endpoint.web.EndpointLinksResolver [restartedMain] Exposing 1 endpoint(s) beneath base path '/actuator'
2022-08-12 11:55:56,348 INFO org.springframework.security.web.DefaultSecurityFilterChain [restartedMain] Will secure any request with [org.springframework.security.web.session.DisableEncodeUrlFilter@3ba304f7, org.springframework.security.web.context.request.async.WebAsyncManagerIntegrationFilter@70610370, org.springframework.security.web.context.SecurityContextPersistenceFilter@365db7fe, org.springframework.security.web.header.HeaderWriterFilter@b905ab6, org.springframework.security.web.authentication.logout.LogoutFilter@41ae30b2, org.springframework.security.web.authentication.UsernamePasswordAuthenticationFilter@bb88e92, org.springframework.security.web.savedrequest.RequestCacheAwareFilter@4f7e7548, org.springframework.security.web.servletapi.SecurityContextHolderAwareRequestFilter@46b2d3fb, org.springframework.security.web.authentication.AnonymousAuthenticationFilter@2add3be, org.springframework.security.web.session.SessionManagementFilter@55b2440, org.springframework.security.web.access.ExceptionTranslationFilter@35699673, org.springframework.security.web.access.intercept.AuthorizationFilter@2dbbe0b2]
2022-08-12 11:55:56,484 WARN org.springframework.boot.autoconfigure.thymeleaf.ThymeleafAutoConfiguration$DefaultTemplateResolverConfiguration [restartedMain] Cannot find template location: classpath:/templates/ (please add some templates or check your Thymeleaf configuration)
2022-08-12 11:55:56,493 INFO org.springframework.boot.devtools.autoconfigure.OptionalLiveReloadServer [restartedMain] LiveReload server is running on port 35729
2022-08-12 11:55:56,509 INFO org.springframework.boot.web.embedded.tomcat.TomcatWebServer [restartedMain] Tomcat started on port(s): 8080 (http) with context path ''
2022-08-12 11:55:56,517 INFO pk.edu.iqra.oric.OricApplicationStarter [restartedMain] Started OricApplicationStarter in 2.063 seconds (JVM running for 9818.519)
2022-08-12 11:55:56,519 INFO org.springframework.boot.devtools.autoconfigure.ConditionEvaluationDeltaLoggingListener [restartedMain] Condition evaluation unchanged
2022-08-12 13:46:14,829 WARN com.zaxxer.hikari.pool.HikariPool [HikariPool-7 housekeeper] HikariPool-7 - Thread starvation or clock leap detected (housekeeper delta=25m48s116ms449s800ns).
2022-08-12 15:28:57,024 WARN com.zaxxer.hikari.pool.HikariPool [HikariPool-7 housekeeper] HikariPool-7 - Thread starvation or clock leap detected (housekeeper delta=1h21m41s997ms726s800ns).
2022-08-12 18:18:26,873 WARN com.zaxxer.hikari.pool.HikariPool [HikariPool-7 housekeeper] HikariPool-7 - Thread starvation or clock leap detected (housekeeper delta=1h47m58s957ms412s).
